{"/Users/mkemp/repos/tmp-traycer-cp/src/extension.ts": {"path":"/Users/mkemp/repos/tmp-traycer-cp/src/extension.ts","statementMap":{"0":{"start":{"line":41,"column":0},"end":{"line":41,"column":7}},"1":{"start":{"line":194,"column":0},"end":{"line":194,"column":16}},"2":{"start":{"line":200,"column":0},"end":{"line":200,"column":16}},"3":{"start":{"line":204,"column":0},"end":{"line":204,"column":16}},"4":{"start":{"line":208,"column":0},"end":{"line":208,"column":16}},"5":{"start":{"line":212,"column":0},"end":{"line":212,"column":16}},"6":{"start":{"line":216,"column":0},"end":{"line":216,"column":16}},"7":{"start":{"line":220,"column":0},"end":{"line":220,"column":16}},"8":{"start":{"line":224,"column":0},"end":{"line":224,"column":16}},"9":{"start":{"line":228,"column":0},"end":{"line":228,"column":16}},"10":{"start":{"line":232,"column":0},"end":{"line":232,"column":16}},"11":{"start":{"line":236,"column":0},"end":{"line":236,"column":16}},"12":{"start":{"line":1,"column":0},"end":{"line":1,"column":33}},"13":{"start":{"line":2,"column":0},"end":{"line":2,"column":65}},"14":{"start":{"line":3,"column":0},"end":{"line":3,"column":73}},"15":{"start":{"line":4,"column":0},"end":{"line":4,"column":74}},"16":{"start":{"line":5,"column":0},"end":{"line":5,"column":60}},"17":{"start":{"line":6,"column":0},"end":{"line":6,"column":74}},"18":{"start":{"line":7,"column":0},"end":{"line":7,"column":65}},"19":{"start":{"line":8,"column":0},"end":{"line":8,"column":63}},"20":{"start":{"line":9,"column":0},"end":{"line":9,"column":69}},"21":{"start":{"line":10,"column":0},"end":{"line":10,"column":73}},"22":{"start":{"line":11,"column":0},"end":{"line":11,"column":79}},"23":{"start":{"line":12,"column":0},"end":{"line":12,"column":73}},"24":{"start":{"line":13,"column":0},"end":{"line":13,"column":55}},"25":{"start":{"line":16,"column":0},"end":{"line":16,"column":104}},"26":{"start":{"line":17,"column":0},"end":{"line":17,"column":49}},"27":{"start":{"line":18,"column":0},"end":{"line":18,"column":72}},"28":{"start":{"line":19,"column":0},"end":{"line":19,"column":71}},"29":{"start":{"line":20,"column":0},"end":{"line":20,"column":45}},"30":{"start":{"line":21,"column":0},"end":{"line":21,"column":62}},"31":{"start":{"line":22,"column":0},"end":{"line":22,"column":45}},"32":{"start":{"line":25,"column":38},"end":{"line":25,"column":42}},"33":{"start":{"line":26,"column":54},"end":{"line":26,"column":58}},"34":{"start":{"line":27,"column":46},"end":{"line":27,"column":50}},"35":{"start":{"line":28,"column":52},"end":{"line":28,"column":56}},"36":{"start":{"line":29,"column":56},"end":{"line":29,"column":60}},"37":{"start":{"line":30,"column":64},"end":{"line":30,"column":68}},"38":{"start":{"line":31,"column":58},"end":{"line":31,"column":62}},"39":{"start":{"line":32,"column":54},"end":{"line":32,"column":58}},"40":{"start":{"line":33,"column":42},"end":{"line":33,"column":46}},"41":{"start":{"line":34,"column":48},"end":{"line":34,"column":52}},"42":{"start":{"line":35,"column":56},"end":{"line":35,"column":60}},"43":{"start":{"line":36,"column":52},"end":{"line":36,"column":56}},"44":{"start":{"line":37,"column":48},"end":{"line":37,"column":52}},"45":{"start":{"line":38,"column":34},"end":{"line":38,"column":38}},"46":{"start":{"line":39,"column":50},"end":{"line":39,"column":54}},"47":{"start":{"line":42,"column":2},"end":{"line":42,"column":40}},"48":{"start":{"line":43,"column":2},"end":{"line":43,"column":47}},"49":{"start":{"line":45,"column":24},"end":{"line":45,"column":74}},"50":{"start":{"line":46,"column":2},"end":{"line":49,"column":3}},"51":{"start":{"line":47,"column":4},"end":{"line":47,"column":75}},"52":{"start":{"line":48,"column":4},"end":{"line":48,"column":11}},"53":{"start":{"line":51,"column":2},"end":{"line":188,"column":3}},"54":{"start":{"line":52,"column":4},"end":{"line":52,"column":45}},"55":{"start":{"line":53,"column":4},"end":{"line":53,"column":38}},"56":{"start":{"line":54,"column":4},"end":{"line":54,"column":59}},"57":{"start":{"line":56,"column":28},"end":{"line":56,"column":72}},"58":{"start":{"line":57,"column":4},"end":{"line":59,"column":5}},"59":{"start":{"line":58,"column":6},"end":{"line":58,"column":98}},"60":{"start":{"line":60,"column":4},"end":{"line":62,"column":5}},"61":{"start":{"line":61,"column":6},"end":{"line":61,"column":90}},"62":{"start":{"line":64,"column":4},"end":{"line":64,"column":38}},"63":{"start":{"line":66,"column":26},"end":{"line":66,"column":65}},"64":{"start":{"line":67,"column":4},"end":{"line":67,"column":40}},"65":{"start":{"line":68,"column":4},"end":{"line":72,"column":5}},"66":{"start":{"line":69,"column":28},"end":{"line":69,"column":74}},"67":{"start":{"line":70,"column":6},"end":{"line":70,"column":69}},"68":{"start":{"line":71,"column":6},"end":{"line":71,"column":27}},"69":{"start":{"line":74,"column":4},"end":{"line":74,"column":49}},"70":{"start":{"line":75,"column":4},"end":{"line":75,"column":31}},"71":{"start":{"line":77,"column":4},"end":{"line":77,"column":65}},"72":{"start":{"line":79,"column":22},"end":{"line":79,"column":57}},"73":{"start":{"line":80,"column":19},"end":{"line":80,"column":86}},"74":{"start":{"line":81,"column":27},"end":{"line":81,"column":51}},"75":{"start":{"line":82,"column":21},"end":{"line":82,"column":71}},"76":{"start":{"line":84,"column":4},"end":{"line":84,"column":60}},"77":{"start":{"line":85,"column":4},"end":{"line":85,"column":59}},"78":{"start":{"line":86,"column":4},"end":{"line":86,"column":75}},"79":{"start":{"line":87,"column":4},"end":{"line":87,"column":45}},"80":{"start":{"line":88,"column":4},"end":{"line":88,"column":70}},"81":{"start":{"line":89,"column":4},"end":{"line":94,"column":6}},"82":{"start":{"line":95,"column":4},"end":{"line":101,"column":6}},"83":{"start":{"line":102,"column":4},"end":{"line":108,"column":6}},"84":{"start":{"line":110,"column":4},"end":{"line":110,"column":54}},"85":{"start":{"line":111,"column":4},"end":{"line":111,"column":66}},"86":{"start":{"line":112,"column":4},"end":{"line":112,"column":78}},"87":{"start":{"line":113,"column":4},"end":{"line":113,"column":72}},"88":{"start":{"line":115,"column":4},"end":{"line":119,"column":6}},"89":{"start":{"line":121,"column":4},"end":{"line":123,"column":6}},"90":{"start":{"line":125,"column":4},"end":{"line":128,"column":6}},"91":{"start":{"line":130,"column":4},"end":{"line":133,"column":6}},"92":{"start":{"line":135,"column":4},"end":{"line":139,"column":6}},"93":{"start":{"line":141,"column":4},"end":{"line":145,"column":6}},"94":{"start":{"line":147,"column":4},"end":{"line":151,"column":6}},"95":{"start":{"line":153,"column":4},"end":{"line":155,"column":6}},"96":{"start":{"line":157,"column":4},"end":{"line":161,"column":6}},"97":{"start":{"line":163,"column":4},"end":{"line":165,"column":6}},"98":{"start":{"line":167,"column":43},"end":{"line":181,"column":6}},"99":{"start":{"line":183,"column":4},"end":{"line":183,"column":46}},"100":{"start":{"line":186,"column":4},"end":{"line":186,"column":60}},"101":{"start":{"line":187,"column":4},"end":{"line":187,"column":131}},"102":{"start":{"line":190,"column":2},"end":{"line":190,"column":51}},"103":{"start":{"line":191,"column":2},"end":{"line":191,"column":51}},"104":{"start":{"line":195,"column":2},"end":{"line":195,"column":49}},"105":{"start":{"line":196,"column":2},"end":{"line":196,"column":33}},"106":{"start":{"line":197,"column":2},"end":{"line":197,"column":33}},"107":{"start":{"line":201,"column":2},"end":{"line":201,"column":23}},"108":{"start":{"line":205,"column":2},"end":{"line":205,"column":17}},"109":{"start":{"line":209,"column":2},"end":{"line":209,"column":29}},"110":{"start":{"line":213,"column":2},"end":{"line":213,"column":23}},"111":{"start":{"line":217,"column":2},"end":{"line":217,"column":26}},"112":{"start":{"line":221,"column":2},"end":{"line":221,"column":25}},"113":{"start":{"line":225,"column":2},"end":{"line":225,"column":28}},"114":{"start":{"line":229,"column":2},"end":{"line":229,"column":30}},"115":{"start":{"line":233,"column":2},"end":{"line":233,"column":34}},"116":{"start":{"line":237,"column":2},"end":{"line":237,"column":31}}},"fnMap":{"0":{"name":"activate","decl":{"start":{"line":41,"column":22},"end":{"line":41,"column":30}},"loc":{"start":{"line":41,"column":63},"end":{"line":192,"column":1}}},"1":{"name":"deactivate","decl":{"start":{"line":194,"column":16},"end":{"line":194,"column":26}},"loc":{"start":{"line":194,"column":26},"end":{"line":198,"column":1}}},"2":{"name":"getExtensionPath","decl":{"start":{"line":200,"column":16},"end":{"line":200,"column":32}},"loc":{"start":{"line":200,"column":32},"end":{"line":202,"column":1}}},"3":{"name":"getStorage","decl":{"start":{"line":204,"column":16},"end":{"line":204,"column":26}},"loc":{"start":{"line":204,"column":26},"end":{"line":206,"column":1}}},"4":{"name":"getClarificationEngine","decl":{"start":{"line":208,"column":16},"end":{"line":208,"column":38}},"loc":{"start":{"line":208,"column":38},"end":{"line":210,"column":1}}},"5":{"name":"getSpecGenerator","decl":{"start":{"line":212,"column":16},"end":{"line":212,"column":32}},"loc":{"start":{"line":212,"column":32},"end":{"line":214,"column":1}}},"6":{"name":"getCodebaseExplorer","decl":{"start":{"line":216,"column":16},"end":{"line":216,"column":35}},"loc":{"start":{"line":216,"column":35},"end":{"line":218,"column":1}}},"7":{"name":"getSidebarProvider","decl":{"start":{"line":220,"column":16},"end":{"line":220,"column":34}},"loc":{"start":{"line":220,"column":34},"end":{"line":222,"column":1}}},"8":{"name":"getSpecEditorProvider","decl":{"start":{"line":224,"column":16},"end":{"line":224,"column":37}},"loc":{"start":{"line":224,"column":37},"end":{"line":226,"column":1}}},"9":{"name":"getTicketEditorProvider","decl":{"start":{"line":228,"column":16},"end":{"line":228,"column":39}},"loc":{"start":{"line":228,"column":39},"end":{"line":230,"column":1}}},"10":{"name":"getVerificationViewProvider","decl":{"start":{"line":232,"column":16},"end":{"line":232,"column":43}},"loc":{"start":{"line":232,"column":43},"end":{"line":234,"column":1}}},"11":{"name":"getExecutionViewProvider","decl":{"start":{"line":236,"column":16},"end":{"line":236,"column":40}},"loc":{"start":{"line":236,"column":40},"end":{"line":238,"column":1}}}},"branchMap":{"0":{"loc":{"start":{"line":46,"column":2},"end":{"line":49,"column":3}},"type":"if","locations":[{"start":{"line":46,"column":2},"end":{"line":49,"column":3}},{"start":{},"end":{}}]},"1":{"loc":{"start":{"line":57,"column":4},"end":{"line":59,"column":5}},"type":"if","locations":[{"start":{"line":57,"column":4},"end":{"line":59,"column":5}},{"start":{},"end":{}}]},"2":{"loc":{"start":{"line":60,"column":4},"end":{"line":62,"column":5}},"type":"if","locations":[{"start":{"line":60,"column":4},"end":{"line":62,"column":5}},{"start":{},"end":{}}]},"3":{"loc":{"start":{"line":68,"column":4},"end":{"line":72,"column":5}},"type":"if","locations":[{"start":{"line":68,"column":4},"end":{"line":72,"column":5}},{"start":{},"end":{}}]},"4":{"loc":{"start":{"line":80,"column":19},"end":{"line":80,"column":86}},"type":"binary-expr","locations":[{"start":{"line":80,"column":19},"end":{"line":80,"column":80}},{"start":{"line":80,"column":84},"end":{"line":80,"column":86}}]},"5":{"loc":{"start":{"line":187,"column":71},"end":{"line":187,"column":127}},"type":"cond-expr","locations":[{"start":{"line":187,"column":96},"end":{"line":187,"column":109}},{"start":{"line":187,"column":112},"end":{"line":187,"column":127}}]}},"s":{"0":0,"1":0,"2":0,"3":0,"4":0,"5":0,"6":0,"7":0,"8":0,"9":0,"10":0,"11":0,"12":0,"13":0,"14":0,"15":0,"16":0,"17":0,"18":0,"19":0,"20":0,"21":0,"22":0,"23":0,"24":0,"25":0,"26":0,"27":0,"28":0,"29":0,"30":0,"31":0,"32":0,"33":0,"34":0,"35":0,"36":0,"37":0,"38":0,"39":0,"40":0,"41":0,"42":0,"43":0,"44":0,"45":0,"46":0,"47":0,"48":0,"49":0,"50":0,"51":0,"52":0,"53":0,"54":0,"55":0,"56":0,"57":0,"58":0,"59":0,"60":0,"61":0,"62":0,"63":0,"64":0,"65":0,"66":0,"67":0,"68":0,"69":0,"70":0,"71":0,"72":0,"73":0,"74":0,"75":0,"76":0,"77":0,"78":0,"79":0,"80":0,"81":0,"82":0,"83":0,"84":0,"85":0,"86":0,"87":0,"88":0,"89":0,"90":0,"91":0,"92":0,"93":0,"94":0,"95":0,"96":0,"97":0,"98":0,"99":0,"100":0,"101":0,"102":0,"103":0,"104":0,"105":0,"106":0,"107":0,"108":0,"109":0,"110":0,"111":0,"112":0,"113":0,"114":0,"115":0,"116":0},"f":{"0":0,"1":0,"2":0,"3":0,"4":0,"5":0,"6":0,"7":0,"8":0,"9":0,"10":0,"11":0},"b":{"0":[0,0],"1":[0,0],"2":[0,0],"3":[0,0],"4":[0,0],"5":[0,0]}}
,"/Users/mkemp/repos/tmp-traycer-cp/src/commands/epicCommands.ts": {"path":"/Users/mkemp/repos/tmp-traycer-cp/src/commands/epicCommands.ts","statementMap":{"0":{"start":{"line":8,"column":0},"end":{"line":8,"column":7}},"1":{"start":{"line":167,"column":0},"end":{"line":167,"column":7}},"2":{"start":{"line":1,"column":0},"end":{"line":1,"column":33}},"3":{"start":{"line":2,"column":0},"end":{"line":2,"column":36}},"4":{"start":{"line":9,"column":2},"end":{"line":164,"column":3}},"5":{"start":{"line":10,"column":22},"end":{"line":19,"column":6}},"6":{"start":{"line":14,"column":8},"end":{"line":16,"column":9}},"7":{"start":{"line":15,"column":10},"end":{"line":15,"column":42}},"8":{"start":{"line":17,"column":8},"end":{"line":17,"column":20}},"9":{"start":{"line":21,"column":4},"end":{"line":23,"column":5}},"10":{"start":{"line":22,"column":6},"end":{"line":22,"column":13}},"11":{"start":{"line":25,"column":25},"end":{"line":28,"column":6}},"12":{"start":{"line":30,"column":4},"end":{"line":160,"column":6}},"13":{"start":{"line":37,"column":8},"end":{"line":158,"column":9}},"14":{"start":{"line":38,"column":10},"end":{"line":38,"column":63}},"15":{"start":{"line":40,"column":25},"end":{"line":40,"column":33}},"16":{"start":{"line":41,"column":29},"end":{"line":62,"column":12}},"17":{"start":{"line":64,"column":10},"end":{"line":64,"column":65}},"18":{"start":{"line":65,"column":10},"end":{"line":65,"column":45}},"19":{"start":{"line":67,"column":10},"end":{"line":67,"column":89}},"20":{"start":{"line":69,"column":30},"end":{"line":72,"column":null}},"21":{"start":{"line":75,"column":10},"end":{"line":151,"column":11}},"22":{"start":{"line":76,"column":36},"end":{"line":81,"column":null}},"23":{"start":{"line":84,"column":43},"end":{"line":84,"column":74}},"24":{"start":{"line":86,"column":31},"end":{"line":98,"column":13}},"25":{"start":{"line":87,"column":60},"end":{"line":93,"column":16}},"26":{"start":{"line":94,"column":14},"end":{"line":97,"column":17}},"27":{"start":{"line":100,"column":41},"end":{"line":115,"column":13}},"28":{"start":{"line":101,"column":40},"end":{"line":101,"column":42}},"29":{"start":{"line":102,"column":14},"end":{"line":113,"column":15}},"30":{"start":{"line":103,"column":16},"end":{"line":105,"column":17}},"31":{"start":{"line":104,"column":18},"end":{"line":104,"column":33}},"32":{"start":{"line":106,"column":31},"end":{"line":109,"column":18}},"33":{"start":{"line":110,"column":16},"end":{"line":112,"column":17}},"34":{"start":{"line":111,"column":18},"end":{"line":111,"column":39}},"35":{"start":{"line":114,"column":14},"end":{"line":114,"column":29}},"36":{"start":{"line":117,"column":27},"end":{"line":123,"column":14}},"37":{"start":{"line":125,"column":12},"end":{"line":125,"column":64}},"38":{"start":{"line":127,"column":12},"end":{"line":127,"column":56}},"39":{"start":{"line":128,"column":12},"end":{"line":128,"column":87}},"40":{"start":{"line":130,"column":12},"end":{"line":133,"column":13}},"41":{"start":{"line":131,"column":14},"end":{"line":131,"column":55}},"42":{"start":{"line":132,"column":14},"end":{"line":132,"column":86}},"43":{"start":{"line":135,"column":12},"end":{"line":135,"column":66}},"44":{"start":{"line":137,"column":12},"end":{"line":137,"column":46}},"45":{"start":{"line":139,"column":12},"end":{"line":142,"column":14}},"46":{"start":{"line":144,"column":12},"end":{"line":144,"column":87}},"47":{"start":{"line":146,"column":12},"end":{"line":146,"column":46}},"48":{"start":{"line":148,"column":12},"end":{"line":150,"column":14}},"49":{"start":{"line":153,"column":10},"end":{"line":153,"column":78}},"50":{"start":{"line":155,"column":31},"end":{"line":155,"column":87}},"51":{"start":{"line":156,"column":10},"end":{"line":156,"column":83}},"52":{"start":{"line":157,"column":10},"end":{"line":157,"column":22}},"53":{"start":{"line":162,"column":25},"end":{"line":162,"column":81}},"54":{"start":{"line":163,"column":4},"end":{"line":163,"column":77}},"55":{"start":{"line":168,"column":2},"end":{"line":253,"column":3}},"56":{"start":{"line":169,"column":23},"end":{"line":169,"column":56}},"57":{"start":{"line":170,"column":24},"end":{"line":170,"column":51}},"58":{"start":{"line":172,"column":4},"end":{"line":179,"column":5}},"59":{"start":{"line":173,"column":23},"end":{"line":175,"column":8}},"60":{"start":{"line":176,"column":6},"end":{"line":178,"column":7}},"61":{"start":{"line":177,"column":8},"end":{"line":177,"column":44}},"62":{"start":{"line":181,"column":4},"end":{"line":184,"column":5}},"63":{"start":{"line":182,"column":6},"end":{"line":182,"column":62}},"64":{"start":{"line":183,"column":6},"end":{"line":183,"column":13}},"65":{"start":{"line":186,"column":18},"end":{"line":195,"column":6}},"66":{"start":{"line":190,"column":8},"end":{"line":192,"column":9}},"67":{"start":{"line":191,"column":10},"end":{"line":191,"column":42}},"68":{"start":{"line":193,"column":8},"end":{"line":193,"column":20}},"69":{"start":{"line":197,"column":4},"end":{"line":199,"column":5}},"70":{"start":{"line":198,"column":6},"end":{"line":198,"column":13}},"71":{"start":{"line":201,"column":21},"end":{"line":204,"column":6}},"72":{"start":{"line":206,"column":23},"end":{"line":227,"column":6}},"73":{"start":{"line":229,"column":4},"end":{"line":229,"column":59}},"74":{"start":{"line":230,"column":4},"end":{"line":230,"column":39}},"75":{"start":{"line":232,"column":4},"end":{"line":232,"column":38}},"76":{"start":{"line":234,"column":4},"end":{"line":244,"column":7}},"77":{"start":{"line":239,"column":6},"end":{"line":243,"column":7}},"78":{"start":{"line":240,"column":8},"end":{"line":240,"column":63}},"79":{"start":{"line":241,"column":13},"end":{"line":243,"column":7}},"80":{"start":{"line":242,"column":8},"end":{"line":242,"column":65}},"81":{"start":{"line":247,"column":25},"end":{"line":247,"column":81}},"82":{"start":{"line":248,"column":4},"end":{"line":252,"column":5}},"83":{"start":{"line":249,"column":6},"end":{"line":249,"column":88}},"84":{"start":{"line":251,"column":6},"end":{"line":251,"column":83}}},"fnMap":{"0":{"name":"createEpicCommand","decl":{"start":{"line":8,"column":22},"end":{"line":8,"column":39}},"loc":{"start":{"line":8,"column":63},"end":{"line":165,"column":1}}},"1":{"name":"(anonymous_10)","decl":{"start":{"line":13,"column":21},"end":{"line":13,"column":22}},"loc":{"start":{"line":13,"column":31},"end":{"line":18,"column":7}}},"2":{"name":"(anonymous_11)","decl":{"start":{"line":36,"column":6},"end":{"line":36,"column":11}},"loc":{"start":{"line":36,"column":32},"end":{"line":159,"column":7}}},"3":{"name":"(anonymous_12)","decl":{"start":{"line":86,"column":31},"end":{"line":86,"column":32}},"loc":{"start":{"line":86,"column":62},"end":{"line":98,"column":13}}},"4":{"name":"(anonymous_13)","decl":{"start":{"line":100,"column":41},"end":{"line":100,"column":46}},"loc":{"start":{"line":100,"column":90},"end":{"line":115,"column":13}}},"5":{"name":"initializeEpicCommand","decl":{"start":{"line":167,"column":22},"end":{"line":167,"column":43}},"loc":{"start":{"line":167,"column":67},"end":{"line":254,"column":1}}},"6":{"name":"(anonymous_15)","decl":{"start":{"line":189,"column":21},"end":{"line":189,"column":22}},"loc":{"start":{"line":189,"column":31},"end":{"line":194,"column":7}}},"7":{"name":"(anonymous_16)","decl":{"start":{"line":238,"column":11},"end":{"line":238,"column":12}},"loc":{"start":{"line":238,"column":25},"end":{"line":244,"column":5}}}},"branchMap":{"0":{"loc":{"start":{"line":14,"column":8},"end":{"line":16,"column":9}},"type":"if","locations":[{"start":{"line":14,"column":8},"end":{"line":16,"column":9}},{"start":{},"end":{}}]},"1":{"loc":{"start":{"line":14,"column":12},"end":{"line":14,"column":47}},"type":"binary-expr","locations":[{"start":{"line":14,"column":12},"end":{"line":14,"column":18}},{"start":{"line":14,"column":22},"end":{"line":14,"column":47}}]},"2":{"loc":{"start":{"line":21,"column":4},"end":{"line":23,"column":5}},"type":"if","locations":[{"start":{"line":21,"column":4},"end":{"line":23,"column":5}},{"start":{},"end":{}}]},"3":{"loc":{"start":{"line":44,"column":22},"end":{"line":44,"column":40}},"type":"binary-expr","locations":[{"start":{"line":44,"column":22},"end":{"line":44,"column":34}},{"start":{"line":44,"column":38},"end":{"line":44,"column":40}}]},"4":{"loc":{"start":{"line":75,"column":10},"end":{"line":151,"column":11}},"type":"if","locations":[{"start":{"line":75,"column":10},"end":{"line":151,"column":11}},{"start":{"line":143,"column":17},"end":{"line":151,"column":11}}]},"5":{"loc":{"start":{"line":84,"column":43},"end":{"line":84,"column":74}},"type":"binary-expr","locations":[{"start":{"line":84,"column":43},"end":{"line":84,"column":65}},{"start":{"line":84,"column":69},"end":{"line":84,"column":74}}]},"6":{"loc":{"start":{"line":95,"column":25},"end":{"line":95,"column":54}},"type":"binary-expr","locations":[{"start":{"line":95,"column":25},"end":{"line":95,"column":45}},{"start":{"line":95,"column":49},"end":{"line":95,"column":54}}]},"7":{"loc":{"start":{"line":103,"column":16},"end":{"line":105,"column":17}},"type":"if","locations":[{"start":{"line":103,"column":16},"end":{"line":105,"column":17}},{"start":{},"end":{}}]},"8":{"loc":{"start":{"line":110,"column":16},"end":{"line":112,"column":17}},"type":"if","locations":[{"start":{"line":110,"column":16},"end":{"line":112,"column":17}},{"start":{},"end":{}}]},"9":{"loc":{"start":{"line":155,"column":31},"end":{"line":155,"column":87}},"type":"cond-expr","locations":[{"start":{"line":155,"column":56},"end":{"line":155,"column":69}},{"start":{"line":155,"column":72},"end":{"line":155,"column":87}}]},"10":{"loc":{"start":{"line":162,"column":25},"end":{"line":162,"column":81}},"type":"cond-expr","locations":[{"start":{"line":162,"column":50},"end":{"line":162,"column":63}},{"start":{"line":162,"column":66},"end":{"line":162,"column":81}}]},"11":{"loc":{"start":{"line":172,"column":4},"end":{"line":179,"column":5}},"type":"if","locations":[{"start":{"line":172,"column":4},"end":{"line":179,"column":5}},{"start":{},"end":{}}]},"12":{"loc":{"start":{"line":172,"column":8},"end":{"line":172,"column":43}},"type":"binary-expr","locations":[{"start":{"line":172,"column":8},"end":{"line":172,"column":18}},{"start":{"line":172,"column":22},"end":{"line":172,"column":43}}]},"13":{"loc":{"start":{"line":176,"column":6},"end":{"line":178,"column":7}},"type":"if","locations":[{"start":{"line":176,"column":6},"end":{"line":178,"column":7}},{"start":{},"end":{}}]},"14":{"loc":{"start":{"line":181,"column":4},"end":{"line":184,"column":5}},"type":"if","locations":[{"start":{"line":181,"column":4},"end":{"line":184,"column":5}},{"start":{},"end":{}}]},"15":{"loc":{"start":{"line":190,"column":8},"end":{"line":192,"column":9}},"type":"if","locations":[{"start":{"line":190,"column":8},"end":{"line":192,"column":9}},{"start":{},"end":{}}]},"16":{"loc":{"start":{"line":190,"column":12},"end":{"line":190,"column":47}},"type":"binary-expr","locations":[{"start":{"line":190,"column":12},"end":{"line":190,"column":18}},{"start":{"line":190,"column":22},"end":{"line":190,"column":47}}]},"17":{"loc":{"start":{"line":197,"column":4},"end":{"line":199,"column":5}},"type":"if","locations":[{"start":{"line":197,"column":4},"end":{"line":199,"column":5}},{"start":{},"end":{}}]},"18":{"loc":{"start":{"line":209,"column":16},"end":{"line":209,"column":30}},"type":"binary-expr","locations":[{"start":{"line":209,"column":16},"end":{"line":209,"column":24}},{"start":{"line":209,"column":28},"end":{"line":209,"column":30}}]},"19":{"loc":{"start":{"line":239,"column":6},"end":{"line":243,"column":7}},"type":"if","locations":[{"start":{"line":239,"column":6},"end":{"line":243,"column":7}},{"start":{"line":241,"column":13},"end":{"line":243,"column":7}}]},"20":{"loc":{"start":{"line":241,"column":13},"end":{"line":243,"column":7}},"type":"if","locations":[{"start":{"line":241,"column":13},"end":{"line":243,"column":7}},{"start":{},"end":{}}]},"21":{"loc":{"start":{"line":247,"column":25},"end":{"line":247,"column":81}},"type":"cond-expr","locations":[{"start":{"line":247,"column":50},"end":{"line":247,"column":63}},{"start":{"line":247,"column":66},"end":{"line":247,"column":81}}]},"22":{"loc":{"start":{"line":248,"column":4},"end":{"line":252,"column":5}},"type":"if","locations":[{"start":{"line":248,"column":4},"end":{"line":252,"column":5}},{"start":{"line":250,"column":11},"end":{"line":252,"column":5}}]}},"s":{"0":0,"1":0,"2":0,"3":0,"4":0,"5":0,"6":0,"7":0,"8":0,"9":0,"10":0,"11":0,"12":0,"13":0,"14":0,"15":0,"16":0,"17":0,"18":0,"19":0,"20":0,"21":0,"22":0,"23":0,"24":0,"25":0,"26":0,"27":0,"28":0,"29":0,"30":0,"31":0,"32":0,"33":0,"34":0,"35":0,"36":0,"37":0,"38":0,"39":0,"40":0,"41":0,"42":0,"43":0,"44":0,"45":0,"46":0,"47":0,"48":0,"49":0,"50":0,"51":0,"52":0,"53":0,"54":0,"55":0,"56":0,"57":0,"58":0,"59":0,"60":0,"61":0,"62":0,"63":0,"64":0,"65":0,"66":0,"67":0,"68":0,"69":0,"70":0,"71":0,"72":0,"73":0,"74":0,"75":0,"76":0,"77":0,"78":0,"79":0,"80":0,"81":0,"82":0,"83":0,"84":0},"f":{"0":0,"1":0,"2":0,"3":0,"4":0,"5":0,"6":0,"7":0},"b":{"0":[0,0],"1":[0,0],"2":[0,0],"3":[0,0],"4":[0,0],"5":[0,0],"6":[0,0],"7":[0,0],"8":[0,0],"9":[0,0],"10":[0,0],"11":[0,0],"12":[0,0],"13":[0,0],"14":[0,0],"15":[0,0],"16":[0,0],"17":[0,0],"18":[0,0],"19":[0,0],"20":[0,0],"21":[0,0],"22":[0,0]}}
,"/Users/mkemp/repos/tmp-traycer-cp/src/commands/handoffCommands.ts": {"path":"/Users/mkemp/repos/tmp-traycer-cp/src/commands/handoffCommands.ts","statementMap":{"0":{"start":{"line":7,"column":0},"end":{"line":7,"column":7}},"1":{"start":{"line":150,"column":0},"end":{"line":150,"column":7}},"2":{"start":{"line":165,"column":0},"end":{"line":165,"column":7}},"3":{"start":{"line":379,"column":0},"end":{"line":379,"column":16}},"4":{"start":{"line":383,"column":0},"end":{"line":383,"column":16}},"5":{"start":{"line":1,"column":0},"end":{"line":1,"column":33}},"6":{"start":{"line":2,"column":0},"end":{"line":2,"column":65}},"7":{"start":{"line":4,"column":34},"end":{"line":4,"column":36}},"8":{"start":{"line":5,"column":37},"end":{"line":5,"column":39}},"9":{"start":{"line":8,"column":2},"end":{"line":147,"column":3}},"10":{"start":{"line":9,"column":18},"end":{"line":9,"column":51}},"11":{"start":{"line":11,"column":4},"end":{"line":14,"column":5}},"12":{"start":{"line":12,"column":6},"end":{"line":12,"column":83}},"13":{"start":{"line":13,"column":6},"end":{"line":13,"column":13}},"14":{"start":{"line":16,"column":22},"end":{"line":20,"column":7}},"15":{"start":{"line":16,"column":43},"end":{"line":20,"column":6}},"16":{"start":{"line":22,"column":26},"end":{"line":25,"column":6}},"17":{"start":{"line":27,"column":4},"end":{"line":29,"column":5}},"18":{"start":{"line":28,"column":6},"end":{"line":28,"column":13}},"19":{"start":{"line":31,"column":20},"end":{"line":31,"column":55}},"20":{"start":{"line":32,"column":28},"end":{"line":33,"column":null}},"21":{"start":{"line":33,"column":6},"end":{"line":33,"column":50}},"22":{"start":{"line":33,"column":32},"end":{"line":33,"column":49}},"23":{"start":{"line":36,"column":24},"end":{"line":40,"column":7}},"24":{"start":{"line":36,"column":57},"end":{"line":40,"column":6}},"25":{"start":{"line":42,"column":28},"end":{"line":45,"column":6}},"26":{"start":{"line":47,"column":4},"end":{"line":49,"column":5}},"27":{"start":{"line":48,"column":6},"end":{"line":48,"column":13}},"28":{"start":{"line":51,"column":23},"end":{"line":54,"column":7}},"29":{"start":{"line":51,"column":51},"end":{"line":54,"column":6}},"30":{"start":{"line":56,"column":26},"end":{"line":58,"column":6}},"31":{"start":{"line":60,"column":4},"end":{"line":62,"column":5}},"32":{"start":{"line":61,"column":6},"end":{"line":61,"column":13}},"33":{"start":{"line":64,"column":28},"end":{"line":71,"column":null}},"34":{"start":{"line":74,"column":4},"end":{"line":76,"column":5}},"35":{"start":{"line":75,"column":6},"end":{"line":75,"column":13}},"36":{"start":{"line":78,"column":25},"end":{"line":78,"column":77}},"37":{"start":{"line":80,"column":4},"end":{"line":142,"column":6}},"38":{"start":{"line":87,"column":8},"end":{"line":87,"column":61}},"39":{"start":{"line":89,"column":23},"end":{"line":95,"column":10}},"40":{"start":{"line":91,"column":44},"end":{"line":91,"column":48}},"41":{"start":{"line":92,"column":48},"end":{"line":92,"column":52}},"42":{"start":{"line":97,"column":8},"end":{"line":97,"column":46}},"43":{"start":{"line":98,"column":8},"end":{"line":98,"column":53}},"44":{"start":{"line":100,"column":8},"end":{"line":100,"column":62}},"45":{"start":{"line":102,"column":22},"end":{"line":106,"column":null}},"46":{"start":{"line":109,"column":8},"end":{"line":113,"column":10}},"47":{"start":{"line":115,"column":8},"end":{"line":138,"column":11}},"48":{"start":{"line":116,"column":10},"end":{"line":137,"column":11}},"49":{"start":{"line":117,"column":12},"end":{"line":117,"column":66}},"50":{"start":{"line":118,"column":12},"end":{"line":118,"column":58}},"51":{"start":{"line":119,"column":17},"end":{"line":137,"column":11}},"52":{"start":{"line":120,"column":24},"end":{"line":123,"column":14}},"53":{"start":{"line":124,"column":12},"end":{"line":136,"column":13}},"54":{"start":{"line":125,"column":29},"end":{"line":125,"column":55}},"55":{"start":{"line":126,"column":14},"end":{"line":126,"column":63}},"56":{"start":{"line":127,"column":14},"end":{"line":127,"column":55}},"57":{"start":{"line":128,"column":26},"end":{"line":128,"column":70}},"58":{"start":{"line":129,"column":14},"end":{"line":129,"column":56}},"59":{"start":{"line":130,"column":29},"end":{"line":130,"column":91}},"60":{"start":{"line":130,"column":72},"end":{"line":130,"column":90}},"61":{"start":{"line":131,"column":14},"end":{"line":135,"column":15}},"62":{"start":{"line":132,"column":16},"end":{"line":134,"column":19}},"63":{"start":{"line":133,"column":18},"end":{"line":133,"column":81}},"64":{"start":{"line":140,"column":8},"end":{"line":140,"column":23}},"65":{"start":{"line":145,"column":25},"end":{"line":145,"column":81}},"66":{"start":{"line":146,"column":4},"end":{"line":146,"column":82}},"67":{"start":{"line":151,"column":2},"end":{"line":154,"column":3}},"68":{"start":{"line":152,"column":4},"end":{"line":152,"column":86}},"69":{"start":{"line":153,"column":4},"end":{"line":153,"column":11}},"70":{"start":{"line":156,"column":2},"end":{"line":162,"column":3}},"71":{"start":{"line":157,"column":4},"end":{"line":157,"column":62}},"72":{"start":{"line":158,"column":4},"end":{"line":158,"column":73}},"73":{"start":{"line":160,"column":25},"end":{"line":160,"column":81}},"74":{"start":{"line":161,"column":4},"end":{"line":161,"column":83}},"75":{"start":{"line":166,"column":2},"end":{"line":310,"column":3}},"76":{"start":{"line":167,"column":18},"end":{"line":167,"column":51}},"77":{"start":{"line":169,"column":4},"end":{"line":172,"column":5}},"78":{"start":{"line":170,"column":6},"end":{"line":170,"column":62}},"79":{"start":{"line":171,"column":6},"end":{"line":171,"column":13}},"80":{"start":{"line":174,"column":25},"end":{"line":179,"column":null}},"81":{"start":{"line":175,"column":27},"end":{"line":178,"column":8}},"82":{"start":{"line":182,"column":4},"end":{"line":184,"column":5}},"83":{"start":{"line":183,"column":6},"end":{"line":183,"column":13}},"84":{"start":{"line":186,"column":20},"end":{"line":186,"column":81}},"85":{"start":{"line":187,"column":24},"end":{"line":190,"column":7}},"86":{"start":{"line":187,"column":49},"end":{"line":190,"column":6}},"87":{"start":{"line":192,"column":28},"end":{"line":195,"column":6}},"88":{"start":{"line":197,"column":4},"end":{"line":199,"column":5}},"89":{"start":{"line":198,"column":6},"end":{"line":198,"column":13}},"90":{"start":{"line":201,"column":23},"end":{"line":204,"column":7}},"91":{"start":{"line":201,"column":51},"end":{"line":204,"column":6}},"92":{"start":{"line":206,"column":26},"end":{"line":208,"column":6}},"93":{"start":{"line":210,"column":4},"end":{"line":212,"column":5}},"94":{"start":{"line":211,"column":6},"end":{"line":211,"column":13}},"95":{"start":{"line":214,"column":28},"end":{"line":219,"column":null}},"96":{"start":{"line":222,"column":4},"end":{"line":224,"column":5}},"97":{"start":{"line":223,"column":6},"end":{"line":223,"column":13}},"98":{"start":{"line":226,"column":25},"end":{"line":226,"column":77}},"99":{"start":{"line":228,"column":20},"end":{"line":234,"column":6}},"100":{"start":{"line":231,"column":44},"end":{"line":231,"column":48}},"101":{"start":{"line":236,"column":18},"end":{"line":240,"column":null}},"102":{"start":{"line":243,"column":4},"end":{"line":280,"column":9}},"103":{"start":{"line":282,"column":4},"end":{"line":305,"column":7}},"104":{"start":{"line":283,"column":6},"end":{"line":304,"column":7}},"105":{"start":{"line":284,"column":8},"end":{"line":284,"column":62}},"106":{"start":{"line":285,"column":8},"end":{"line":285,"column":54}},"107":{"start":{"line":286,"column":13},"end":{"line":304,"column":7}},"108":{"start":{"line":287,"column":20},"end":{"line":290,"column":10}},"109":{"start":{"line":291,"column":8},"end":{"line":303,"column":9}},"110":{"start":{"line":292,"column":25},"end":{"line":292,"column":51}},"111":{"start":{"line":293,"column":10},"end":{"line":293,"column":59}},"112":{"start":{"line":294,"column":10},"end":{"line":294,"column":51}},"113":{"start":{"line":295,"column":22},"end":{"line":295,"column":66}},"114":{"start":{"line":296,"column":10},"end":{"line":296,"column":52}},"115":{"start":{"line":297,"column":25},"end":{"line":297,"column":87}},"116":{"start":{"line":297,"column":68},"end":{"line":297,"column":86}},"117":{"start":{"line":298,"column":10},"end":{"line":302,"column":11}},"118":{"start":{"line":299,"column":12},"end":{"line":301,"column":15}},"119":{"start":{"line":300,"column":14},"end":{"line":300,"column":77}},"120":{"start":{"line":308,"column":25},"end":{"line":308,"column":81}},"121":{"start":{"line":309,"column":4},"end":{"line":309,"column":81}},"122":{"start":{"line":318,"column":26},"end":{"line":322,"column":27}},"123":{"start":{"line":324,"column":2},"end":{"line":376,"column":9}},"124":{"start":{"line":380,"column":2},"end":{"line":380,"column":29}},"125":{"start":{"line":384,"column":2},"end":{"line":384,"column":32}}},"fnMap":{"0":{"name":"generateHandoffCommand","decl":{"start":{"line":7,"column":22},"end":{"line":7,"column":44}},"loc":{"start":{"line":7,"column":68},"end":{"line":148,"column":1}}},"1":{"name":"(anonymous_10)","decl":{"start":{"line":16,"column":32},"end":{"line":16,"column":33}},"loc":{"start":{"line":16,"column":43},"end":{"line":20,"column":6}}},"2":{"name":"(anonymous_11)","decl":{"start":{"line":32,"column":43},"end":{"line":32,"column":44}},"loc":{"start":{"line":33,"column":6},"end":{"line":33,"column":50}}},"3":{"name":"(anonymous_12)","decl":{"start":{"line":33,"column":25},"end":{"line":33,"column":26}},"loc":{"start":{"line":33,"column":32},"end":{"line":33,"column":49}}},"4":{"name":"(anonymous_13)","decl":{"start":{"line":36,"column":44},"end":{"line":36,"column":45}},"loc":{"start":{"line":36,"column":57},"end":{"line":40,"column":6}}},"5":{"name":"(anonymous_14)","decl":{"start":{"line":51,"column":39},"end":{"line":51,"column":40}},"loc":{"start":{"line":51,"column":51},"end":{"line":54,"column":6}}},"6":{"name":"(anonymous_15)","decl":{"start":{"line":86,"column":6},"end":{"line":86,"column":11}},"loc":{"start":{"line":86,"column":25},"end":{"line":141,"column":7}}},"7":{"name":"(anonymous_16)","decl":{"start":{"line":91,"column":37},"end":{"line":91,"column":38}},"loc":{"start":{"line":91,"column":44},"end":{"line":91,"column":48}}},"8":{"name":"(anonymous_17)","decl":{"start":{"line":92,"column":41},"end":{"line":92,"column":42}},"loc":{"start":{"line":92,"column":48},"end":{"line":92,"column":52}}},"9":{"name":"(anonymous_18)","decl":{"start":{"line":115,"column":42},"end":{"line":115,"column":47}},"loc":{"start":{"line":115,"column":60},"end":{"line":138,"column":9}}},"10":{"name":"(anonymous_19)","decl":{"start":{"line":130,"column":67},"end":{"line":130,"column":68}},"loc":{"start":{"line":130,"column":72},"end":{"line":130,"column":90}}},"11":{"name":"(anonymous_20)","decl":{"start":{"line":132,"column":34},"end":{"line":132,"column":45}},"loc":{"start":{"line":132,"column":48},"end":{"line":134,"column":17}}},"12":{"name":"copyHandoffToClipboardCommand","decl":{"start":{"line":150,"column":22},"end":{"line":150,"column":51}},"loc":{"start":{"line":150,"column":75},"end":{"line":163,"column":1}}},"13":{"name":"previewHandoffCommand","decl":{"start":{"line":165,"column":22},"end":{"line":165,"column":43}},"loc":{"start":{"line":165,"column":67},"end":{"line":311,"column":1}}},"14":{"name":"(anonymous_23)","decl":{"start":{"line":175,"column":16},"end":{"line":175,"column":17}},"loc":{"start":{"line":175,"column":27},"end":{"line":178,"column":8}}},"15":{"name":"(anonymous_24)","decl":{"start":{"line":187,"column":36},"end":{"line":187,"column":37}},"loc":{"start":{"line":187,"column":49},"end":{"line":190,"column":6}}},"16":{"name":"(anonymous_25)","decl":{"start":{"line":201,"column":39},"end":{"line":201,"column":40}},"loc":{"start":{"line":201,"column":51},"end":{"line":204,"column":6}}},"17":{"name":"(anonymous_26)","decl":{"start":{"line":231,"column":37},"end":{"line":231,"column":38}},"loc":{"start":{"line":231,"column":44},"end":{"line":231,"column":48}}},"18":{"name":"(anonymous_27)","decl":{"start":{"line":282,"column":38},"end":{"line":282,"column":43}},"loc":{"start":{"line":282,"column":56},"end":{"line":305,"column":5}}},"19":{"name":"(anonymous_28)","decl":{"start":{"line":297,"column":63},"end":{"line":297,"column":64}},"loc":{"start":{"line":297,"column":68},"end":{"line":297,"column":86}}},"20":{"name":"(anonymous_29)","decl":{"start":{"line":299,"column":30},"end":{"line":299,"column":41}},"loc":{"start":{"line":299,"column":44},"end":{"line":301,"column":13}}},"21":{"name":"generateHandoffHtml","decl":{"start":{"line":313,"column":9},"end":{"line":313,"column":28}},"loc":{"start":{"line":316,"column":62},"end":{"line":377,"column":1}}},"22":{"name":"getLastHandoffMarkdown","decl":{"start":{"line":379,"column":16},"end":{"line":379,"column":38}},"loc":{"start":{"line":379,"column":38},"end":{"line":381,"column":1}}},"23":{"name":"getLastHandoffExecutionId","decl":{"start":{"line":383,"column":16},"end":{"line":383,"column":41}},"loc":{"start":{"line":383,"column":41},"end":{"line":385,"column":1}}}},"branchMap":{"0":{"loc":{"start":{"line":11,"column":4},"end":{"line":14,"column":5}},"type":"if","locations":[{"start":{"line":11,"column":4},"end":{"line":14,"column":5}},{"start":{},"end":{}}]},"1":{"loc":{"start":{"line":27,"column":4},"end":{"line":29,"column":5}},"type":"if","locations":[{"start":{"line":27,"column":4},"end":{"line":29,"column":5}},{"start":{},"end":{}}]},"2":{"loc":{"start":{"line":27,"column":8},"end":{"line":27,"column":52}},"type":"binary-expr","locations":[{"start":{"line":27,"column":8},"end":{"line":27,"column":22}},{"start":{"line":27,"column":26},"end":{"line":27,"column":52}}]},"3":{"loc":{"start":{"line":47,"column":4},"end":{"line":49,"column":5}},"type":"if","locations":[{"start":{"line":47,"column":4},"end":{"line":49,"column":5}},{"start":{},"end":{}}]},"4":{"loc":{"start":{"line":60,"column":4},"end":{"line":62,"column":5}},"type":"if","locations":[{"start":{"line":60,"column":4},"end":{"line":62,"column":5}},{"start":{},"end":{}}]},"5":{"loc":{"start":{"line":74,"column":4},"end":{"line":76,"column":5}},"type":"if","locations":[{"start":{"line":74,"column":4},"end":{"line":76,"column":5}},{"start":{},"end":{}}]},"6":{"loc":{"start":{"line":116,"column":10},"end":{"line":137,"column":11}},"type":"if","locations":[{"start":{"line":116,"column":10},"end":{"line":137,"column":11}},{"start":{"line":119,"column":17},"end":{"line":137,"column":11}}]},"7":{"loc":{"start":{"line":119,"column":17},"end":{"line":137,"column":11}},"type":"if","locations":[{"start":{"line":119,"column":17},"end":{"line":137,"column":11}},{"start":{},"end":{}}]},"8":{"loc":{"start":{"line":124,"column":12},"end":{"line":136,"column":13}},"type":"if","locations":[{"start":{"line":124,"column":12},"end":{"line":136,"column":13}},{"start":{},"end":{}}]},"9":{"loc":{"start":{"line":131,"column":14},"end":{"line":135,"column":15}},"type":"if","locations":[{"start":{"line":131,"column":14},"end":{"line":135,"column":15}},{"start":{},"end":{}}]},"10":{"loc":{"start":{"line":145,"column":25},"end":{"line":145,"column":81}},"type":"cond-expr","locations":[{"start":{"line":145,"column":50},"end":{"line":145,"column":63}},{"start":{"line":145,"column":66},"end":{"line":145,"column":81}}]},"11":{"loc":{"start":{"line":151,"column":2},"end":{"line":154,"column":3}},"type":"if","locations":[{"start":{"line":151,"column":2},"end":{"line":154,"column":3}},{"start":{},"end":{}}]},"12":{"loc":{"start":{"line":160,"column":25},"end":{"line":160,"column":81}},"type":"cond-expr","locations":[{"start":{"line":160,"column":50},"end":{"line":160,"column":63}},{"start":{"line":160,"column":66},"end":{"line":160,"column":81}}]},"13":{"loc":{"start":{"line":169,"column":4},"end":{"line":172,"column":5}},"type":"if","locations":[{"start":{"line":169,"column":4},"end":{"line":172,"column":5}},{"start":{},"end":{}}]},"14":{"loc":{"start":{"line":182,"column":4},"end":{"line":184,"column":5}},"type":"if","locations":[{"start":{"line":182,"column":4},"end":{"line":184,"column":5}},{"start":{},"end":{}}]},"15":{"loc":{"start":{"line":197,"column":4},"end":{"line":199,"column":5}},"type":"if","locations":[{"start":{"line":197,"column":4},"end":{"line":199,"column":5}},{"start":{},"end":{}}]},"16":{"loc":{"start":{"line":210,"column":4},"end":{"line":212,"column":5}},"type":"if","locations":[{"start":{"line":210,"column":4},"end":{"line":212,"column":5}},{"start":{},"end":{}}]},"17":{"loc":{"start":{"line":222,"column":4},"end":{"line":224,"column":5}},"type":"if","locations":[{"start":{"line":222,"column":4},"end":{"line":224,"column":5}},{"start":{},"end":{}}]},"18":{"loc":{"start":{"line":283,"column":6},"end":{"line":304,"column":7}},"type":"if","locations":[{"start":{"line":283,"column":6},"end":{"line":304,"column":7}},{"start":{"line":286,"column":13},"end":{"line":304,"column":7}}]},"19":{"loc":{"start":{"line":286,"column":13},"end":{"line":304,"column":7}},"type":"if","locations":[{"start":{"line":286,"column":13},"end":{"line":304,"column":7}},{"start":{},"end":{}}]},"20":{"loc":{"start":{"line":291,"column":8},"end":{"line":303,"column":9}},"type":"if","locations":[{"start":{"line":291,"column":8},"end":{"line":303,"column":9}},{"start":{},"end":{}}]},"21":{"loc":{"start":{"line":298,"column":10},"end":{"line":302,"column":11}},"type":"if","locations":[{"start":{"line":298,"column":10},"end":{"line":302,"column":11}},{"start":{},"end":{}}]},"22":{"loc":{"start":{"line":308,"column":25},"end":{"line":308,"column":81}},"type":"cond-expr","locations":[{"start":{"line":308,"column":50},"end":{"line":308,"column":63}},{"start":{"line":308,"column":66},"end":{"line":308,"column":81}}]}},"s":{"0":0,"1":0,"2":0,"3":0,"4":0,"5":0,"6":0,"7":0,"8":0,"9":0,"10":0,"11":0,"12":0,"13":0,"14":0,"15":0,"16":0,"17":0,"18":0,"19":0,"20":0,"21":0,"22":0,"23":0,"24":0,"25":0,"26":0,"27":0,"28":0,"29":0,"30":0,"31":0,"32":0,"33":0,"34":0,"35":0,"36":0,"37":0,"38":0,"39":0,"40":0,"41":0,"42":0,"43":0,"44":0,"45":0,"46":0,"47":0,"48":0,"49":0,"50":0,"51":0,"52":0,"53":0,"54":0,"55":0,"56":0,"57":0,"58":0,"59":0,"60":0,"61":0,"62":0,"63":0,"64":0,"65":0,"66":0,"67":0,"68":0,"69":0,"70":0,"71":0,"72":0,"73":0,"74":0,"75":0,"76":0,"77":0,"78":0,"79":0,"80":0,"81":0,"82":0,"83":0,"84":0,"85":0,"86":0,"87":0,"88":0,"89":0,"90":0,"91":0,"92":0,"93":0,"94":0,"95":0,"96":0,"97":0,"98":0,"99":0,"100":0,"101":0,"102":0,"103":0,"104":0,"105":0,"106":0,"107":0,"108":0,"109":0,"110":0,"111":0,"112":0,"113":0,"114":0,"115":0,"116":0,"117":0,"118":0,"119":0,"120":0,"121":0,"122":0,"123":0,"124":0,"125":0},"f":{"0":0,"1":0,"2":0,"3":0,"4":0,"5":0,"6":0,"7":0,"8":0,"9":0,"10":0,"11":0,"12":0,"13":0,"14":0,"15":0,"16":0,"17":0,"18":0,"19":0,"20":0,"21":0,"22":0,"23":0},"b":{"0":[0,0],"1":[0,0],"2":[0,0],"3":[0,0],"4":[0,0],"5":[0,0],"6":[0,0],"7":[0,0],"8":[0,0],"9":[0,0],"10":[0,0],"11":[0,0],"12":[0,0],"13":[0,0],"14":[0,0],"15":[0,0],"16":[0,0],"17":[0,0],"18":[0,0],"19":[0,0],"20":[0,0],"21":[0,0],"22":[0,0]}}
,"/Users/mkemp/repos/tmp-traycer-cp/src/commands/index.ts": {"path":"/Users/mkemp/repos/tmp-traycer-cp/src/commands/index.ts","statementMap":{"0":{"start":{"line":39,"column":0},"end":{"line":39,"column":16}},"1":{"start":{"line":1,"column":0},"end":{"line":1,"column":33}},"2":{"start":{"line":3,"column":0},"end":{"line":3,"column":null}},"3":{"start":{"line":7,"column":0},"end":{"line":7,"column":null}},"4":{"start":{"line":12,"column":0},"end":{"line":12,"column":null}},"5":{"start":{"line":17,"column":0},"end":{"line":17,"column":null}},"6":{"start":{"line":22,"column":0},"end":{"line":22,"column":null}},"7":{"start":{"line":27,"column":0},"end":{"line":27,"column":null}},"8":{"start":{"line":43,"column":67},"end":{"line":65,"column":4}},"9":{"start":{"line":67,"column":2},"end":{"line":73,"column":5}},"10":{"start":{"line":68,"column":4},"end":{"line":72,"column":6}},"11":{"start":{"line":70,"column":8},"end":{"line":70,"column":40}},"12":{"start":{"line":80,"column":25},"end":{"line":80,"column":42}},"13":{"start":{"line":81,"column":18},"end":{"line":81,"column":35}},"14":{"start":{"line":82,"column":2},"end":{"line":84,"column":3}},"15":{"start":{"line":83,"column":4},"end":{"line":83,"column":47}},"16":{"start":{"line":91,"column":25},"end":{"line":91,"column":42}},"17":{"start":{"line":92,"column":18},"end":{"line":92,"column":35}},"18":{"start":{"line":93,"column":2},"end":{"line":95,"column":3}},"19":{"start":{"line":94,"column":4},"end":{"line":94,"column":47}},"20":{"start":{"line":98,"column":0},"end":{"line":98,"column":24}},"21":{"start":{"line":99,"column":0},"end":{"line":99,"column":31}},"22":{"start":{"line":100,"column":0},"end":{"line":100,"column":31}},"23":{"start":{"line":101,"column":0},"end":{"line":101,"column":33}},"24":{"start":{"line":102,"column":0},"end":{"line":102,"column":34}},"25":{"start":{"line":103,"column":0},"end":{"line":103,"column":39}},"26":{"start":{"line":104,"column":0},"end":{"line":104,"column":37}}},"fnMap":{"0":{"name":"registerCommands","decl":{"start":{"line":39,"column":16},"end":{"line":39,"column":32}},"loc":{"start":{"line":41,"column":32},"end":{"line":74,"column":1}}},"1":{"name":"(anonymous_11)","decl":{"start":{"line":67,"column":19},"end":{"line":67,"column":20}},"loc":{"start":{"line":67,"column":39},"end":{"line":73,"column":3}}},"2":{"name":"(anonymous_12)","decl":{"start":{"line":69,"column":42},"end":{"line":69,"column":43}},"loc":{"start":{"line":70,"column":8},"end":{"line":70,"column":40}}},"3":{"name":"applyAutoFixCommand","decl":{"start":{"line":76,"column":15},"end":{"line":76,"column":34}},"loc":{"start":{"line":78,"column":20},"end":{"line":85,"column":1}}},"4":{"name":"ignoreIssueCommand","decl":{"start":{"line":87,"column":15},"end":{"line":87,"column":33}},"loc":{"start":{"line":89,"column":20},"end":{"line":96,"column":1}}}},"branchMap":{"0":{"loc":{"start":{"line":82,"column":2},"end":{"line":84,"column":3}},"type":"if","locations":[{"start":{"line":82,"column":2},"end":{"line":84,"column":3}},{"start":{},"end":{}}]},"1":{"loc":{"start":{"line":93,"column":2},"end":{"line":95,"column":3}},"type":"if","locations":[{"start":{"line":93,"column":2},"end":{"line":95,"column":3}},{"start":{},"end":{}}]}},"s":{"0":0,"1":0,"2":0,"3":0,"4":0,"5":0,"6":0,"7":0,"8":0,"9":0,"10":0,"11":0,"12":0,"13":0,"14":0,"15":0,"16":0,"17":0,"18":0,"19":0,"20":0,"21":0,"22":0,"23":0,"24":0,"25":0,"26":0},"f":{"0":0,"1":0,"2":0,"3":0,"4":0},"b":{"0":[0,0],"1":[0,0]}}
,"/Users/mkemp/repos/tmp-traycer-cp/src/commands/navigationCommands.ts": {"path":"/Users/mkemp/repos/tmp-traycer-cp/src/commands/navigationCommands.ts","statementMap":{"0":{"start":{"line":4,"column":0},"end":{"line":4,"column":7}},"1":{"start":{"line":13,"column":0},"end":{"line":13,"column":7}},"2":{"start":{"line":29,"column":0},"end":{"line":29,"column":7}},"3":{"start":{"line":45,"column":0},"end":{"line":45,"column":7}},"4":{"start":{"line":77,"column":0},"end":{"line":77,"column":7}},"5":{"start":{"line":1,"column":0},"end":{"line":1,"column":33}},"6":{"start":{"line":5,"column":2},"end":{"line":10,"column":3}},"7":{"start":{"line":6,"column":4},"end":{"line":6,"column":38}},"8":{"start":{"line":8,"column":25},"end":{"line":8,"column":81}},"9":{"start":{"line":9,"column":4},"end":{"line":9,"column":81}},"10":{"start":{"line":17,"column":25},"end":{"line":17,"column":54}},"11":{"start":{"line":18,"column":2},"end":{"line":26,"column":3}},"12":{"start":{"line":19,"column":4},"end":{"line":21,"column":5}},"13":{"start":{"line":20,"column":6},"end":{"line":20,"column":72}},"14":{"start":{"line":22,"column":4},"end":{"line":22,"column":77}},"15":{"start":{"line":24,"column":25},"end":{"line":24,"column":81}},"16":{"start":{"line":25,"column":4},"end":{"line":25,"column":83}},"17":{"start":{"line":33,"column":22},"end":{"line":33,"column":51}},"18":{"start":{"line":34,"column":2},"end":{"line":42,"column":3}},"19":{"start":{"line":35,"column":4},"end":{"line":37,"column":5}},"20":{"start":{"line":36,"column":6},"end":{"line":36,"column":63}},"21":{"start":{"line":38,"column":4},"end":{"line":38,"column":74}},"22":{"start":{"line":40,"column":25},"end":{"line":40,"column":81}},"23":{"start":{"line":41,"column":4},"end":{"line":41,"column":80}},"24":{"start":{"line":46,"column":2},"end":{"line":74,"column":3}},"25":{"start":{"line":47,"column":19},"end":{"line":47,"column":49}},"26":{"start":{"line":48,"column":4},"end":{"line":51,"column":5}},"27":{"start":{"line":49,"column":6},"end":{"line":49,"column":60}},"28":{"start":{"line":50,"column":6},"end":{"line":50,"column":13}},"29":{"start":{"line":53,"column":21},"end":{"line":53,"column":36}},"30":{"start":{"line":54,"column":21},"end":{"line":54,"column":38}},"31":{"start":{"line":56,"column":4},"end":{"line":59,"column":5}},"32":{"start":{"line":57,"column":6},"end":{"line":57,"column":86}},"33":{"start":{"line":58,"column":6},"end":{"line":58,"column":13}},"34":{"start":{"line":61,"column":21},"end":{"line":61,"column":63}},"35":{"start":{"line":62,"column":19},"end":{"line":62,"column":61}},"36":{"start":{"line":64,"column":4},"end":{"line":67,"column":5}},"37":{"start":{"line":65,"column":6},"end":{"line":65,"column":81}},"38":{"start":{"line":66,"column":6},"end":{"line":66,"column":13}},"39":{"start":{"line":69,"column":4},"end":{"line":69,"column":51}},"40":{"start":{"line":72,"column":25},"end":{"line":72,"column":81}},"41":{"start":{"line":73,"column":4},"end":{"line":73,"column":76}},"42":{"start":{"line":78,"column":2},"end":{"line":119,"column":3}},"43":{"start":{"line":79,"column":19},"end":{"line":79,"column":49}},"44":{"start":{"line":80,"column":4},"end":{"line":83,"column":5}},"45":{"start":{"line":81,"column":6},"end":{"line":81,"column":60}},"46":{"start":{"line":82,"column":6},"end":{"line":82,"column":13}},"47":{"start":{"line":85,"column":21},"end":{"line":85,"column":36}},"48":{"start":{"line":86,"column":21},"end":{"line":86,"column":38}},"49":{"start":{"line":88,"column":4},"end":{"line":91,"column":5}},"50":{"start":{"line":89,"column":6},"end":{"line":89,"column":84}},"51":{"start":{"line":90,"column":6},"end":{"line":90,"column":13}},"52":{"start":{"line":93,"column":19},"end":{"line":93,"column":59}},"53":{"start":{"line":95,"column":20},"end":{"line":95,"column":72}},"54":{"start":{"line":97,"column":4},"end":{"line":100,"column":5}},"55":{"start":{"line":98,"column":6},"end":{"line":98,"column":78}},"56":{"start":{"line":99,"column":6},"end":{"line":99,"column":13}},"57":{"start":{"line":102,"column":24},"end":{"line":106,"column":7}},"58":{"start":{"line":102,"column":49},"end":{"line":106,"column":6}},"59":{"start":{"line":108,"column":21},"end":{"line":110,"column":6}},"60":{"start":{"line":112,"column":4},"end":{"line":114,"column":5}},"61":{"start":{"line":113,"column":6},"end":{"line":113,"column":53}},"62":{"start":{"line":117,"column":25},"end":{"line":117,"column":81}},"63":{"start":{"line":118,"column":4},"end":{"line":118,"column":78}},"64":{"start":{"line":123,"column":19},"end":{"line":123,"column":66}},"65":{"start":{"line":124,"column":14},"end":{"line":124,"column":39}},"66":{"start":{"line":125,"column":2},"end":{"line":125,"column":87}},"67":{"start":{"line":129,"column":21},"end":{"line":129,"column":72}},"68":{"start":{"line":130,"column":14},"end":{"line":130,"column":41}},"69":{"start":{"line":131,"column":2},"end":{"line":131,"column":89}},"70":{"start":{"line":135,"column":16},"end":{"line":135,"column":64}},"71":{"start":{"line":136,"column":2},"end":{"line":138,"column":3}},"72":{"start":{"line":137,"column":4},"end":{"line":137,"column":20}},"73":{"start":{"line":139,"column":2},"end":{"line":139,"column":58}}},"fnMap":{"0":{"name":"refreshSidebarCommand","decl":{"start":{"line":4,"column":22},"end":{"line":4,"column":43}},"loc":{"start":{"line":4,"column":67},"end":{"line":11,"column":1}}},"1":{"name":"showVerificationCommand","decl":{"start":{"line":13,"column":22},"end":{"line":13,"column":45}},"loc":{"start":{"line":15,"column":20},"end":{"line":27,"column":1}}},"2":{"name":"showExecutionCommand","decl":{"start":{"line":29,"column":22},"end":{"line":29,"column":42}},"loc":{"start":{"line":31,"column":20},"end":{"line":43,"column":1}}},"3":{"name":"goToSpecCommand","decl":{"start":{"line":45,"column":22},"end":{"line":45,"column":37}},"loc":{"start":{"line":45,"column":61},"end":{"line":75,"column":1}}},"4":{"name":"goToTicketCommand","decl":{"start":{"line":77,"column":22},"end":{"line":77,"column":39}},"loc":{"start":{"line":77,"column":63},"end":{"line":120,"column":1}}},"5":{"name":"(anonymous_14)","decl":{"start":{"line":102,"column":36},"end":{"line":102,"column":37}},"loc":{"start":{"line":102,"column":49},"end":{"line":106,"column":6}}},"6":{"name":"openSpecInEditor","decl":{"start":{"line":122,"column":15},"end":{"line":122,"column":31}},"loc":{"start":{"line":122,"column":71},"end":{"line":126,"column":1}}},"7":{"name":"openTicketInEditor","decl":{"start":{"line":128,"column":15},"end":{"line":128,"column":33}},"loc":{"start":{"line":128,"column":75},"end":{"line":132,"column":1}}},"8":{"name":"extractIdFromFilename","decl":{"start":{"line":134,"column":9},"end":{"line":134,"column":30}},"loc":{"start":{"line":134,"column":63},"end":{"line":140,"column":1}}}},"branchMap":{"0":{"loc":{"start":{"line":8,"column":25},"end":{"line":8,"column":81}},"type":"cond-expr","locations":[{"start":{"line":8,"column":50},"end":{"line":8,"column":63}},{"start":{"line":8,"column":66},"end":{"line":8,"column":81}}]},"1":{"loc":{"start":{"line":19,"column":4},"end":{"line":21,"column":5}},"type":"if","locations":[{"start":{"line":19,"column":4},"end":{"line":21,"column":5}},{"start":{},"end":{}}]},"2":{"loc":{"start":{"line":24,"column":25},"end":{"line":24,"column":81}},"type":"cond-expr","locations":[{"start":{"line":24,"column":50},"end":{"line":24,"column":63}},{"start":{"line":24,"column":66},"end":{"line":24,"column":81}}]},"3":{"loc":{"start":{"line":35,"column":4},"end":{"line":37,"column":5}},"type":"if","locations":[{"start":{"line":35,"column":4},"end":{"line":37,"column":5}},{"start":{},"end":{}}]},"4":{"loc":{"start":{"line":40,"column":25},"end":{"line":40,"column":81}},"type":"cond-expr","locations":[{"start":{"line":40,"column":50},"end":{"line":40,"column":63}},{"start":{"line":40,"column":66},"end":{"line":40,"column":81}}]},"5":{"loc":{"start":{"line":48,"column":4},"end":{"line":51,"column":5}},"type":"if","locations":[{"start":{"line":48,"column":4},"end":{"line":51,"column":5}},{"start":{},"end":{}}]},"6":{"loc":{"start":{"line":56,"column":4},"end":{"line":59,"column":5}},"type":"if","locations":[{"start":{"line":56,"column":4},"end":{"line":59,"column":5}},{"start":{},"end":{}}]},"7":{"loc":{"start":{"line":56,"column":8},"end":{"line":56,"column":66}},"type":"binary-expr","locations":[{"start":{"line":56,"column":8},"end":{"line":56,"column":37}},{"start":{"line":56,"column":41},"end":{"line":56,"column":66}}]},"8":{"loc":{"start":{"line":64,"column":4},"end":{"line":67,"column":5}},"type":"if","locations":[{"start":{"line":64,"column":4},"end":{"line":67,"column":5}},{"start":{},"end":{}}]},"9":{"loc":{"start":{"line":72,"column":25},"end":{"line":72,"column":81}},"type":"cond-expr","locations":[{"start":{"line":72,"column":50},"end":{"line":72,"column":63}},{"start":{"line":72,"column":66},"end":{"line":72,"column":81}}]},"10":{"loc":{"start":{"line":80,"column":4},"end":{"line":83,"column":5}},"type":"if","locations":[{"start":{"line":80,"column":4},"end":{"line":83,"column":5}},{"start":{},"end":{}}]},"11":{"loc":{"start":{"line":88,"column":4},"end":{"line":91,"column":5}},"type":"if","locations":[{"start":{"line":88,"column":4},"end":{"line":91,"column":5}},{"start":{},"end":{}}]},"12":{"loc":{"start":{"line":88,"column":8},"end":{"line":88,"column":64}},"type":"binary-expr","locations":[{"start":{"line":88,"column":8},"end":{"line":88,"column":35}},{"start":{"line":88,"column":39},"end":{"line":88,"column":64}}]},"13":{"loc":{"start":{"line":97,"column":4},"end":{"line":100,"column":5}},"type":"if","locations":[{"start":{"line":97,"column":4},"end":{"line":100,"column":5}},{"start":{},"end":{}}]},"14":{"loc":{"start":{"line":112,"column":4},"end":{"line":114,"column":5}},"type":"if","locations":[{"start":{"line":112,"column":4},"end":{"line":114,"column":5}},{"start":{},"end":{}}]},"15":{"loc":{"start":{"line":117,"column":25},"end":{"line":117,"column":81}},"type":"cond-expr","locations":[{"start":{"line":117,"column":50},"end":{"line":117,"column":63}},{"start":{"line":117,"column":66},"end":{"line":117,"column":81}}]},"16":{"loc":{"start":{"line":136,"column":2},"end":{"line":138,"column":3}},"type":"if","locations":[{"start":{"line":136,"column":2},"end":{"line":138,"column":3}},{"start":{},"end":{}}]},"17":{"loc":{"start":{"line":136,"column":6},"end":{"line":136,"column":23}},"type":"binary-expr","locations":[{"start":{"line":136,"column":6},"end":{"line":136,"column":11}},{"start":{"line":136,"column":15},"end":{"line":136,"column":23}}]}},"s":{"0":0,"1":0,"2":0,"3":0,"4":0,"5":0,"6":0,"7":0,"8":0,"9":0,"10":0,"11":0,"12":0,"13":0,"14":0,"15":0,"16":0,"17":0,"18":0,"19":0,"20":0,"21":0,"22":0,"23":0,"24":0,"25":0,"26":0,"27":0,"28":0,"29":0,"30":0,"31":0,"32":0,"33":0,"34":0,"35":0,"36":0,"37":0,"38":0,"39":0,"40":0,"41":0,"42":0,"43":0,"44":0,"45":0,"46":0,"47":0,"48":0,"49":0,"50":0,"51":0,"52":0,"53":0,"54":0,"55":0,"56":0,"57":0,"58":0,"59":0,"60":0,"61":0,"62":0,"63":0,"64":0,"65":0,"66":0,"67":0,"68":0,"69":0,"70":0,"71":0,"72":0,"73":0},"f":{"0":0,"1":0,"2":0,"3":0,"4":0,"5":0,"6":0,"7":0,"8":0},"b":{"0":[0,0],"1":[0,0],"2":[0,0],"3":[0,0],"4":[0,0],"5":[0,0],"6":[0,0],"7":[0,0],"8":[0,0],"9":[0,0],"10":[0,0],"11":[0,0],"12":[0,0],"13":[0,0],"14":[0,0],"15":[0,0],"16":[0,0],"17":[0,0]}}
,"/Users/mkemp/repos/tmp-traycer-cp/src/commands/specCommands.ts": {"path":"/Users/mkemp/repos/tmp-traycer-cp/src/commands/specCommands.ts","statementMap":{"0":{"start":{"line":6,"column":0},"end":{"line":6,"column":7}},"1":{"start":{"line":65,"column":0},"end":{"line":65,"column":7}},"2":{"start":{"line":98,"column":0},"end":{"line":98,"column":7}},"3":{"start":{"line":1,"column":0},"end":{"line":1,"column":33}},"4":{"start":{"line":2,"column":0},"end":{"line":2,"column":36}},"5":{"start":{"line":10,"column":23},"end":{"line":10,"column":52}},"6":{"start":{"line":11,"column":22},"end":{"line":11,"column":53}},"7":{"start":{"line":12,"column":2},"end":{"line":62,"column":3}},"8":{"start":{"line":13,"column":25},"end":{"line":13,"column":77}},"9":{"start":{"line":15,"column":16},"end":{"line":15,"column":28}},"10":{"start":{"line":16,"column":4},"end":{"line":27,"column":5}},"11":{"start":{"line":17,"column":6},"end":{"line":26,"column":9}},"12":{"start":{"line":21,"column":10},"end":{"line":23,"column":11}},"13":{"start":{"line":22,"column":12},"end":{"line":22,"column":44}},"14":{"start":{"line":24,"column":10},"end":{"line":24,"column":22}},"15":{"start":{"line":29,"column":4},"end":{"line":31,"column":5}},"16":{"start":{"line":30,"column":6},"end":{"line":30,"column":13}},"17":{"start":{"line":33,"column":16},"end":{"line":33,"column":26}},"18":{"start":{"line":34,"column":23},"end":{"line":44,"column":6}},"19":{"start":{"line":46,"column":4},"end":{"line":46,"column":41}},"20":{"start":{"line":47,"column":4},"end":{"line":47,"column":72}},"21":{"start":{"line":49,"column":4},"end":{"line":49,"column":45}},"22":{"start":{"line":51,"column":4},"end":{"line":51,"column":38}},"23":{"start":{"line":53,"column":4},"end":{"line":53,"column":82}},"24":{"start":{"line":56,"column":25},"end":{"line":56,"column":81}},"25":{"start":{"line":57,"column":4},"end":{"line":61,"column":5}},"26":{"start":{"line":58,"column":6},"end":{"line":58,"column":94}},"27":{"start":{"line":60,"column":6},"end":{"line":60,"column":79}},"28":{"start":{"line":66,"column":2},"end":{"line":95,"column":3}},"29":{"start":{"line":67,"column":18},"end":{"line":67,"column":51}},"30":{"start":{"line":69,"column":4},"end":{"line":72,"column":5}},"31":{"start":{"line":70,"column":6},"end":{"line":70,"column":83}},"32":{"start":{"line":71,"column":6},"end":{"line":71,"column":13}},"33":{"start":{"line":74,"column":18},"end":{"line":80,"column":7}},"34":{"start":{"line":74,"column":39},"end":{"line":80,"column":6}},"35":{"start":{"line":82,"column":21},"end":{"line":86,"column":6}},"36":{"start":{"line":88,"column":4},"end":{"line":90,"column":5}},"37":{"start":{"line":89,"column":6},"end":{"line":89,"column":51}},"38":{"start":{"line":93,"column":25},"end":{"line":93,"column":81}},"39":{"start":{"line":94,"column":4},"end":{"line":94,"column":75}},"40":{"start":{"line":99,"column":2},"end":{"line":132,"column":3}},"41":{"start":{"line":100,"column":19},"end":{"line":100,"column":49}},"42":{"start":{"line":101,"column":4},"end":{"line":104,"column":5}},"43":{"start":{"line":102,"column":6},"end":{"line":102,"column":60}},"44":{"start":{"line":103,"column":6},"end":{"line":103,"column":13}},"45":{"start":{"line":106,"column":21},"end":{"line":106,"column":36}},"46":{"start":{"line":107,"column":21},"end":{"line":107,"column":38}},"47":{"start":{"line":109,"column":4},"end":{"line":112,"column":5}},"48":{"start":{"line":110,"column":6},"end":{"line":110,"column":84}},"49":{"start":{"line":111,"column":6},"end":{"line":111,"column":13}},"50":{"start":{"line":114,"column":19},"end":{"line":114,"column":59}},"51":{"start":{"line":115,"column":17},"end":{"line":115,"column":55}},"52":{"start":{"line":117,"column":4},"end":{"line":121,"column":7}},"53":{"start":{"line":123,"column":4},"end":{"line":123,"column":61}},"54":{"start":{"line":125,"column":4},"end":{"line":125,"column":38}},"55":{"start":{"line":127,"column":4},"end":{"line":127,"column":88}},"56":{"start":{"line":130,"column":25},"end":{"line":130,"column":81}},"57":{"start":{"line":131,"column":4},"end":{"line":131,"column":78}},"58":{"start":{"line":136,"column":19},"end":{"line":136,"column":66}},"59":{"start":{"line":137,"column":14},"end":{"line":137,"column":39}},"60":{"start":{"line":138,"column":2},"end":{"line":138,"column":87}},"61":{"start":{"line":142,"column":16},"end":{"line":142,"column":64}},"62":{"start":{"line":143,"column":2},"end":{"line":145,"column":3}},"63":{"start":{"line":144,"column":4},"end":{"line":144,"column":20}},"64":{"start":{"line":146,"column":2},"end":{"line":146,"column":58}}},"fnMap":{"0":{"name":"createSpecCommand","decl":{"start":{"line":6,"column":22},"end":{"line":6,"column":39}},"loc":{"start":{"line":8,"column":20},"end":{"line":63,"column":1}}},"1":{"name":"(anonymous_10)","decl":{"start":{"line":20,"column":23},"end":{"line":20,"column":24}},"loc":{"start":{"line":20,"column":33},"end":{"line":25,"column":9}}},"2":{"name":"openSpecCommand","decl":{"start":{"line":65,"column":22},"end":{"line":65,"column":37}},"loc":{"start":{"line":65,"column":61},"end":{"line":96,"column":1}}},"3":{"name":"(anonymous_12)","decl":{"start":{"line":74,"column":28},"end":{"line":74,"column":29}},"loc":{"start":{"line":74,"column":39},"end":{"line":80,"column":6}}},"4":{"name":"approveSpecCommand","decl":{"start":{"line":98,"column":22},"end":{"line":98,"column":40}},"loc":{"start":{"line":98,"column":64},"end":{"line":133,"column":1}}},"5":{"name":"openSpecInEditor","decl":{"start":{"line":135,"column":15},"end":{"line":135,"column":31}},"loc":{"start":{"line":135,"column":71},"end":{"line":139,"column":1}}},"6":{"name":"extractIdFromFilename","decl":{"start":{"line":141,"column":9},"end":{"line":141,"column":30}},"loc":{"start":{"line":141,"column":63},"end":{"line":147,"column":1}}}},"branchMap":{"0":{"loc":{"start":{"line":16,"column":4},"end":{"line":27,"column":5}},"type":"if","locations":[{"start":{"line":16,"column":4},"end":{"line":27,"column":5}},{"start":{},"end":{}}]},"1":{"loc":{"start":{"line":21,"column":10},"end":{"line":23,"column":11}},"type":"if","locations":[{"start":{"line":21,"column":10},"end":{"line":23,"column":11}},{"start":{},"end":{}}]},"2":{"loc":{"start":{"line":21,"column":14},"end":{"line":21,"column":49}},"type":"binary-expr","locations":[{"start":{"line":21,"column":14},"end":{"line":21,"column":20}},{"start":{"line":21,"column":24},"end":{"line":21,"column":49}}]},"3":{"loc":{"start":{"line":29,"column":4},"end":{"line":31,"column":5}},"type":"if","locations":[{"start":{"line":29,"column":4},"end":{"line":31,"column":5}},{"start":{},"end":{}}]},"4":{"loc":{"start":{"line":42,"column":12},"end":{"line":42,"column":29}},"type":"binary-expr","locations":[{"start":{"line":42,"column":12},"end":{"line":42,"column":23}},{"start":{"line":42,"column":27},"end":{"line":42,"column":29}}]},"5":{"loc":{"start":{"line":56,"column":25},"end":{"line":56,"column":81}},"type":"cond-expr","locations":[{"start":{"line":56,"column":50},"end":{"line":56,"column":63}},{"start":{"line":56,"column":66},"end":{"line":56,"column":81}}]},"6":{"loc":{"start":{"line":57,"column":4},"end":{"line":61,"column":5}},"type":"if","locations":[{"start":{"line":57,"column":4},"end":{"line":61,"column":5}},{"start":{"line":59,"column":11},"end":{"line":61,"column":5}}]},"7":{"loc":{"start":{"line":69,"column":4},"end":{"line":72,"column":5}},"type":"if","locations":[{"start":{"line":69,"column":4},"end":{"line":72,"column":5}},{"start":{},"end":{}}]},"8":{"loc":{"start":{"line":88,"column":4},"end":{"line":90,"column":5}},"type":"if","locations":[{"start":{"line":88,"column":4},"end":{"line":90,"column":5}},{"start":{},"end":{}}]},"9":{"loc":{"start":{"line":93,"column":25},"end":{"line":93,"column":81}},"type":"cond-expr","locations":[{"start":{"line":93,"column":50},"end":{"line":93,"column":63}},{"start":{"line":93,"column":66},"end":{"line":93,"column":81}}]},"10":{"loc":{"start":{"line":101,"column":4},"end":{"line":104,"column":5}},"type":"if","locations":[{"start":{"line":101,"column":4},"end":{"line":104,"column":5}},{"start":{},"end":{}}]},"11":{"loc":{"start":{"line":109,"column":4},"end":{"line":112,"column":5}},"type":"if","locations":[{"start":{"line":109,"column":4},"end":{"line":112,"column":5}},{"start":{},"end":{}}]},"12":{"loc":{"start":{"line":109,"column":8},"end":{"line":109,"column":64}},"type":"binary-expr","locations":[{"start":{"line":109,"column":8},"end":{"line":109,"column":35}},{"start":{"line":109,"column":39},"end":{"line":109,"column":64}}]},"13":{"loc":{"start":{"line":130,"column":25},"end":{"line":130,"column":81}},"type":"cond-expr","locations":[{"start":{"line":130,"column":50},"end":{"line":130,"column":63}},{"start":{"line":130,"column":66},"end":{"line":130,"column":81}}]},"14":{"loc":{"start":{"line":143,"column":2},"end":{"line":145,"column":3}},"type":"if","locations":[{"start":{"line":143,"column":2},"end":{"line":145,"column":3}},{"start":{},"end":{}}]},"15":{"loc":{"start":{"line":143,"column":6},"end":{"line":143,"column":23}},"type":"binary-expr","locations":[{"start":{"line":143,"column":6},"end":{"line":143,"column":11}},{"start":{"line":143,"column":15},"end":{"line":143,"column":23}}]}},"s":{"0":0,"1":0,"2":0,"3":0,"4":0,"5":0,"6":0,"7":0,"8":0,"9":0,"10":0,"11":0,"12":0,"13":0,"14":0,"15":0,"16":0,"17":0,"18":0,"19":0,"20":0,"21":0,"22":0,"23":0,"24":0,"25":0,"26":0,"27":0,"28":0,"29":0,"30":0,"31":0,"32":0,"33":0,"34":0,"35":0,"36":0,"37":0,"38":0,"39":0,"40":0,"41":0,"42":0,"43":0,"44":0,"45":0,"46":0,"47":0,"48":0,"49":0,"50":0,"51":0,"52":0,"53":0,"54":0,"55":0,"56":0,"57":0,"58":0,"59":0,"60":0,"61":0,"62":0,"63":0,"64":0},"f":{"0":0,"1":0,"2":0,"3":0,"4":0,"5":0,"6":0},"b":{"0":[0,0],"1":[0,0],"2":[0,0],"3":[0,0],"4":[0,0],"5":[0,0],"6":[0,0],"7":[0,0],"8":[0,0],"9":[0,0],"10":[0,0],"11":[0,0],"12":[0,0],"13":[0,0],"14":[0,0],"15":[0,0]}}
,"/Users/mkemp/repos/tmp-traycer-cp/src/commands/ticketCommands.ts": {"path":"/Users/mkemp/repos/tmp-traycer-cp/src/commands/ticketCommands.ts","statementMap":{"0":{"start":{"line":6,"column":0},"end":{"line":6,"column":7}},"1":{"start":{"line":118,"column":0},"end":{"line":118,"column":7}},"2":{"start":{"line":155,"column":0},"end":{"line":155,"column":7}},"3":{"start":{"line":1,"column":0},"end":{"line":1,"column":33}},"4":{"start":{"line":2,"column":0},"end":{"line":2,"column":36}},"5":{"start":{"line":10,"column":28},"end":{"line":10,"column":57}},"6":{"start":{"line":11,"column":2},"end":{"line":115,"column":3}},"7":{"start":{"line":12,"column":25},"end":{"line":12,"column":77}},"8":{"start":{"line":14,"column":23},"end":{"line":14,"column":40}},"9":{"start":{"line":16,"column":4},"end":{"line":49,"column":5}},"10":{"start":{"line":17,"column":20},"end":{"line":17,"column":53}},"11":{"start":{"line":19,"column":6},"end":{"line":28,"column":7}},"12":{"start":{"line":20,"column":27},"end":{"line":22,"column":null}},"13":{"start":{"line":24,"column":8},"end":{"line":26,"column":9}},"14":{"start":{"line":25,"column":10},"end":{"line":25,"column":71}},"15":{"start":{"line":27,"column":8},"end":{"line":27,"column":15}},"16":{"start":{"line":30,"column":24},"end":{"line":34,"column":9}},"17":{"start":{"line":30,"column":45},"end":{"line":34,"column":8}},"18":{"start":{"line":36,"column":6},"end":{"line":48,"column":7}},"19":{"start":{"line":37,"column":8},"end":{"line":37,"column":36}},"20":{"start":{"line":39,"column":25},"end":{"line":41,"column":10}},"21":{"start":{"line":43,"column":8},"end":{"line":45,"column":9}},"22":{"start":{"line":44,"column":10},"end":{"line":44,"column":17}},"23":{"start":{"line":47,"column":8},"end":{"line":47,"column":35}},"24":{"start":{"line":51,"column":4},"end":{"line":54,"column":5}},"25":{"start":{"line":52,"column":6},"end":{"line":52,"column":57}},"26":{"start":{"line":53,"column":6},"end":{"line":53,"column":13}},"27":{"start":{"line":56,"column":18},"end":{"line":65,"column":6}},"28":{"start":{"line":60,"column":8},"end":{"line":62,"column":9}},"29":{"start":{"line":61,"column":10},"end":{"line":61,"column":44}},"30":{"start":{"line":63,"column":8},"end":{"line":63,"column":20}},"31":{"start":{"line":67,"column":4},"end":{"line":69,"column":5}},"32":{"start":{"line":68,"column":6},"end":{"line":68,"column":13}},"33":{"start":{"line":71,"column":79},"end":{"line":76,"column":6}},"34":{"start":{"line":78,"column":25},"end":{"line":81,"column":6}},"35":{"start":{"line":83,"column":21},"end":{"line":83,"column":52}},"36":{"start":{"line":85,"column":16},"end":{"line":85,"column":26}},"37":{"start":{"line":86,"column":27},"end":{"line":97,"column":6}},"38":{"start":{"line":99,"column":4},"end":{"line":99,"column":45}},"39":{"start":{"line":100,"column":4},"end":{"line":100,"column":76}},"40":{"start":{"line":102,"column":4},"end":{"line":102,"column":49}},"41":{"start":{"line":104,"column":4},"end":{"line":104,"column":38}},"42":{"start":{"line":106,"column":4},"end":{"line":106,"column":84}},"43":{"start":{"line":109,"column":25},"end":{"line":109,"column":81}},"44":{"start":{"line":110,"column":4},"end":{"line":114,"column":5}},"45":{"start":{"line":111,"column":6},"end":{"line":111,"column":94}},"46":{"start":{"line":113,"column":6},"end":{"line":113,"column":81}},"47":{"start":{"line":119,"column":2},"end":{"line":152,"column":3}},"48":{"start":{"line":120,"column":20},"end":{"line":120,"column":55}},"49":{"start":{"line":122,"column":4},"end":{"line":125,"column":5}},"50":{"start":{"line":123,"column":6},"end":{"line":123,"column":87}},"51":{"start":{"line":124,"column":6},"end":{"line":124,"column":13}},"52":{"start":{"line":127,"column":18},"end":{"line":137,"column":6}},"53":{"start":{"line":128,"column":27},"end":{"line":130,"column":79}},"54":{"start":{"line":131,"column":6},"end":{"line":136,"column":8}},"55":{"start":{"line":139,"column":21},"end":{"line":143,"column":6}},"56":{"start":{"line":145,"column":4},"end":{"line":147,"column":5}},"57":{"start":{"line":146,"column":6},"end":{"line":146,"column":53}},"58":{"start":{"line":150,"column":25},"end":{"line":150,"column":81}},"59":{"start":{"line":151,"column":4},"end":{"line":151,"column":77}},"60":{"start":{"line":159,"column":19},"end":{"line":159,"column":48}},"61":{"start":{"line":160,"column":2},"end":{"line":208,"column":3}},"62":{"start":{"line":161,"column":25},"end":{"line":161,"column":33}},"63":{"start":{"line":163,"column":4},"end":{"line":177,"column":5}},"64":{"start":{"line":164,"column":21},"end":{"line":164,"column":51}},"65":{"start":{"line":165,"column":6},"end":{"line":168,"column":7}},"66":{"start":{"line":166,"column":8},"end":{"line":166,"column":88}},"67":{"start":{"line":167,"column":8},"end":{"line":167,"column":15}},"68":{"start":{"line":170,"column":23},"end":{"line":170,"column":47}},"69":{"start":{"line":171,"column":6},"end":{"line":174,"column":7}},"70":{"start":{"line":172,"column":8},"end":{"line":172,"column":88}},"71":{"start":{"line":173,"column":8},"end":{"line":173,"column":15}},"72":{"start":{"line":176,"column":6},"end":{"line":176,"column":66}},"73":{"start":{"line":179,"column":19},"end":{"line":179,"column":67}},"74":{"start":{"line":181,"column":21},"end":{"line":185,"column":6}},"75":{"start":{"line":187,"column":4},"end":{"line":189,"column":5}},"76":{"start":{"line":188,"column":6},"end":{"line":188,"column":13}},"77":{"start":{"line":191,"column":4},"end":{"line":195,"column":7}},"78":{"start":{"line":197,"column":4},"end":{"line":197,"column":38}},"79":{"start":{"line":199,"column":4},"end":{"line":203,"column":5}},"80":{"start":{"line":200,"column":6},"end":{"line":200,"column":77}},"81":{"start":{"line":202,"column":6},"end":{"line":202,"column":70}},"82":{"start":{"line":206,"column":25},"end":{"line":206,"column":81}},"83":{"start":{"line":207,"column":4},"end":{"line":207,"column":79}},"84":{"start":{"line":212,"column":21},"end":{"line":212,"column":72}},"85":{"start":{"line":213,"column":14},"end":{"line":213,"column":41}},"86":{"start":{"line":214,"column":2},"end":{"line":214,"column":89}},"87":{"start":{"line":218,"column":16},"end":{"line":218,"column":64}},"88":{"start":{"line":219,"column":2},"end":{"line":221,"column":3}},"89":{"start":{"line":220,"column":4},"end":{"line":220,"column":20}},"90":{"start":{"line":222,"column":2},"end":{"line":222,"column":58}}},"fnMap":{"0":{"name":"createTicketCommand","decl":{"start":{"line":6,"column":22},"end":{"line":6,"column":41}},"loc":{"start":{"line":8,"column":20},"end":{"line":116,"column":1}}},"1":{"name":"(anonymous_10)","decl":{"start":{"line":30,"column":34},"end":{"line":30,"column":35}},"loc":{"start":{"line":30,"column":45},"end":{"line":34,"column":8}}},"2":{"name":"(anonymous_11)","decl":{"start":{"line":59,"column":21},"end":{"line":59,"column":22}},"loc":{"start":{"line":59,"column":31},"end":{"line":64,"column":7}}},"3":{"name":"openTicketCommand","decl":{"start":{"line":118,"column":22},"end":{"line":118,"column":39}},"loc":{"start":{"line":118,"column":63},"end":{"line":153,"column":1}}},"4":{"name":"(anonymous_13)","decl":{"start":{"line":127,"column":30},"end":{"line":127,"column":31}},"loc":{"start":{"line":127,"column":41},"end":{"line":137,"column":5}}},"5":{"name":"assignTicketCommand","decl":{"start":{"line":155,"column":22},"end":{"line":155,"column":41}},"loc":{"start":{"line":157,"column":20},"end":{"line":209,"column":1}}},"6":{"name":"openTicketInEditor","decl":{"start":{"line":211,"column":15},"end":{"line":211,"column":33}},"loc":{"start":{"line":211,"column":75},"end":{"line":215,"column":1}}},"7":{"name":"extractIdFromFilename","decl":{"start":{"line":217,"column":9},"end":{"line":217,"column":30}},"loc":{"start":{"line":217,"column":63},"end":{"line":223,"column":1}}}},"branchMap":{"0":{"loc":{"start":{"line":16,"column":4},"end":{"line":49,"column":5}},"type":"if","locations":[{"start":{"line":16,"column":4},"end":{"line":49,"column":5}},{"start":{},"end":{}}]},"1":{"loc":{"start":{"line":19,"column":6},"end":{"line":28,"column":7}},"type":"if","locations":[{"start":{"line":19,"column":6},"end":{"line":28,"column":7}},{"start":{},"end":{}}]},"2":{"loc":{"start":{"line":24,"column":8},"end":{"line":26,"column":9}},"type":"if","locations":[{"start":{"line":24,"column":8},"end":{"line":26,"column":9}},{"start":{},"end":{}}]},"3":{"loc":{"start":{"line":36,"column":6},"end":{"line":48,"column":7}},"type":"if","locations":[{"start":{"line":36,"column":6},"end":{"line":48,"column":7}},{"start":{"line":38,"column":13},"end":{"line":48,"column":7}}]},"4":{"loc":{"start":{"line":43,"column":8},"end":{"line":45,"column":9}},"type":"if","locations":[{"start":{"line":43,"column":8},"end":{"line":45,"column":9}},{"start":{},"end":{}}]},"5":{"loc":{"start":{"line":51,"column":4},"end":{"line":54,"column":5}},"type":"if","locations":[{"start":{"line":51,"column":4},"end":{"line":54,"column":5}},{"start":{},"end":{}}]},"6":{"loc":{"start":{"line":60,"column":8},"end":{"line":62,"column":9}},"type":"if","locations":[{"start":{"line":60,"column":8},"end":{"line":62,"column":9}},{"start":{},"end":{}}]},"7":{"loc":{"start":{"line":60,"column":12},"end":{"line":60,"column":47}},"type":"binary-expr","locations":[{"start":{"line":60,"column":12},"end":{"line":60,"column":18}},{"start":{"line":60,"column":22},"end":{"line":60,"column":47}}]},"8":{"loc":{"start":{"line":67,"column":4},"end":{"line":69,"column":5}},"type":"if","locations":[{"start":{"line":67,"column":4},"end":{"line":69,"column":5}},{"start":{},"end":{}}]},"9":{"loc":{"start":{"line":83,"column":21},"end":{"line":83,"column":52}},"type":"binary-expr","locations":[{"start":{"line":83,"column":21},"end":{"line":83,"column":40}},{"start":{"line":83,"column":44},"end":{"line":83,"column":52}}]},"10":{"loc":{"start":{"line":109,"column":25},"end":{"line":109,"column":81}},"type":"cond-expr","locations":[{"start":{"line":109,"column":50},"end":{"line":109,"column":63}},{"start":{"line":109,"column":66},"end":{"line":109,"column":81}}]},"11":{"loc":{"start":{"line":110,"column":4},"end":{"line":114,"column":
[...]
,"/Users/mkemp/repos/tmp-traycer-cp/src/verification/adapters/GitDiffAdapter.ts": {"path":"/Users/mkemp/repos/tmp-traycer-cp/src/verification/adapters/GitDiffAdapter.ts","statementMap":{"0":{"start":{"line":6,"column":21},"end":{"line":6,"column":48}},"1":{"start":{"line":8,"column":4},"end":{"line":17,"column":6}},"2":{"start":{"line":31,"column":8},"end":{"line":31,"column":10}},"3":{"start":{"line":33,"column":24},"end":{"line":33,"column":63}},"4":{"start":{"line":34,"column":4},"end":{"line":36,"column":5}},"5":{"start":{"line":35,"column":6},"end":{"line":35,"column":43}},"6":{"start":{"line":38,"column":24},"end":{"line":38,"column":61}},"7":{"start":{"line":39,"column":4},"end":{"line":41,"column":5}},"8":{"start":{"line":40,"column":6},"end":{"line":40,"column":64}},"9":{"start":{"line":43,"column":25},"end":{"line":43,"column":72}},"10":{"start":{"line":44,"column":4},"end":{"line":46,"column":5}},"11":{"start":{"line":45,"column":6},"end":{"line":45,"column":41}},"12":{"start":{"line":48,"column":24},"end":{"line":48,"column":68}},"13":{"start":{"line":49,"column":4},"end":{"line":51,"column":5}},"14":{"start":{"line":50,"column":6},"end":{"line":50,"column":46}},"15":{"start":{"line":53,"column":4},"end":{"line":53,"column":20}},"16":{"start":{"line":4,"column":0},"end":{"line":4,"column":13}}},"fnMap":{"0":{"name":"(anonymous_0)","decl":{"start":{"line":5,"column":2},"end":{"line":5,"column":7}},"loc":{"start":{"line":5,"column":21},"end":{"line":18,"column":3}}},"1":{"name":"(anonymous_1)","decl":{"start":{"line":20,"column":10},"end":{"line":20,"column":25}},"loc":{"start":{"line":20,"column":42},"end":{"line":54,"column":3}}}},"branchMap":{"0":{"loc":{"start":{"line":34,"column":4},"end":{"line":36,"column":5}},"type":"if","locations":[{"start":{"line":34,"column":4},"end":{"line":36,"column":5}},{"start":{},"end":{}}]},"1":{"loc":{"start":{"line":39,"column":4},"end":{"line":41,"column":5}},"type":"if","locations":[{"start":{"line":39,"column":4},"end":{"line":41,"column":5}},{"start":{},"end":{}}]},"2":{"loc":{"start":{"line":39,"column":8},"end":{"line":39,"column":55}},"type":"binary-expr","locations":[{"start":{"line":39,"column":8},"end":{"line":39,"column":19}},{"start":{"line":39,"column":23},"end":{"line":39,"column":37}},{"start":{"line":39,"column":41},"end":{"line":39,"column":55}}]},"3":{"loc":{"start":{"line":44,"column":4},"end":{"line":46,"column":5}},"type":"if","locations":[{"start":{"line":44,"column":4},"end":{"line":46,"column":5}},{"start":{},"end":{}}]},"4":{"loc":{"start":{"line":49,"column":4},"end":{"line":51,"column":5}},"type":"if","locations":[{"start":{"line":49,"column":4},"end":{"line":51,"column":5}},{"start":{},"end":{}}]},"5":{"loc":{"start":{"line":49,"column":8},"end":{"line":49,"column":37}},"type":"binary-expr","locations":[{"start":{"line":49,"column":8},"end":{"line":49,"column":19}},{"start":{"line":49,"column":23},"end":{"line":49,"column":37}}]}},"s":{"0":0,"1":0,"2":0,"3":0,"4":0,"5":0,"6":0,"7":0,"8":0,"9":0,"10":0,"11":0,"12":0,"13":0,"14":0,"15":0,"16":0},"f":{"0":0,"1":0},"b":{"0":[0,0],"1":[0,0],"2":[0,0,0],"3":[0,0],"4":[0,0],"5":[0,0]}}
,"/Users/mkemp/repos/tmp-traycer-cp/src/verification/adapters/GitHubAdapter.ts": {"path":"/Users/mkemp/repos/tmp-traycer-cp/src/verification/adapters/GitHubAdapter.ts","statementMap":{"0":{"start":{"line":5,"column":19},"end":{"line":5,"column":41}},"1":{"start":{"line":7,"column":4},"end":{"line":9,"column":5}},"2":{"start":{"line":8,"column":6},"end":{"line":8,"column":57}},"3":{"start":{"line":11,"column":40},"end":{"line":11,"column":46}},"4":{"start":{"line":13,"column":4},"end":{"line":63,"column":5}},"5":{"start":{"line":14,"column":46},"end":{"line":16,"column":8}},"6":{"start":{"line":18,"column":6},"end":{"line":20,"column":7}},"7":{"start":{"line":19,"column":8},"end":{"line":19,"column":55}},"8":{"start":{"line":22,"column":28},"end":{"line":24,"column":null}},"9":{"start":{"line":27,"column":6},"end":{"line":29,"column":7}},"10":{"start":{"line":28,"column":8},"end":{"line":28,"column":97}},"11":{"start":{"line":31,"column":20},"end":{"line":31,"column":46}},"12":{"start":{"line":33,"column":25},"end":{"line":35,"column":null}},"13":{"start":{"line":38,"column":6},"end":{"line":40,"column":7}},"14":{"start":{"line":39,"column":8},"end":{"line":39,"column":91}},"15":{"start":{"line":42,"column":21},"end":{"line":42,"column":null}},"16":{"start":{"line":49,"column":6},"end":{"line":60,"column":8}},"17":{"start":{"line":62,"column":6},"end":{"line":62,"column":110}},"18":{"start":{"line":67,"column":21},"end":{"line":70,"column":6}},"19":{"start":{"line":72,"column":4},"end":{"line":81,"column":5}},"20":{"start":{"line":73,"column":20},"end":{"line":73,"column":38}},"21":{"start":{"line":74,"column":6},"end":{"line":80,"column":7}},"22":{"start":{"line":75,"column":8},"end":{"line":79,"column":10}},"23":{"start":{"line":83,"column":4},"end":{"line":83,"column":16}},"24":{"start":{"line":3,"column":0},"end":{"line":3,"column":13}}},"fnMap":{"0":{"name":"(anonymous_0)","decl":{"start":{"line":4,"column":2},"end":{"line":4,"column":7}},"loc":{"start":{"line":4,"column":46},"end":{"line":64,"column":3}}},"1":{"name":"(anonymous_1)","decl":{"start":{"line":66,"column":10},"end":{"line":66,"column":20}},"loc":{"start":{"line":66,"column":32},"end":{"line":84,"column":3}}}},"branchMap":{"0":{"loc":{"start":{"line":7,"column":4},"end":{"line":9,"column":5}},"type":"if","locations":[{"start":{"line":7,"column":4},"end":{"line":9,"column":5}},{"start":{},"end":{}}]},"1":{"loc":{"start":{"line":18,"column":6},"end":{"line":20,"column":7}},"type":"if","locations":[{"start":{"line":18,"column":6},"end":{"line":20,"column":7}},{"start":{},"end":{}}]},"2":{"loc":{"start":{"line":27,"column":6},"end":{"line":29,"column":7}},"type":"if","locations":[{"start":{"line":27,"column":6},"end":{"line":29,"column":7}},{"start":{},"end":{}}]},"3":{"loc":{"start":{"line":38,"column":6},"end":{"line":40,"column":7}},"type":"if","locations":[{"start":{"line":38,"column":6},"end":{"line":40,"column":7}},{"start":{},"end":{}}]},"4":{"loc":{"start":{"line":57,"column":21},"end":{"line":57,"column":80}},"type":"cond-expr","locations":[{"start":{"line":57,"column":41},"end":{"line":57,"column":68}},{"start":{"line":57,"column":71},"end":{"line":57,"column":80}}]},"5":{"loc":{"start":{"line":62,"column":52},"end":{"line":62,"column":106}},"type":"cond-expr","locations":[{"start":{"line":62,"column":77},"end":{"line":62,"column":90}},{"start":{"line":62,"column":93},"end":{"line":62,"column":106}}]},"6":{"loc":{"start":{"line":74,"column":6},"end":{"line":80,"column":7}},"type":"if","locations":[{"start":{"line":74,"column":6},"end":{"line":80,"column":7}},{"start":{},"end":{}}]},"7":{"loc":{"start":{"line":74,"column":10},"end":{"line":74,"column":51}},"type":"binary-expr","locations":[{"start":{"line":74,"column":10},"end":{"line":74,"column":15}},{"start":{"line":74,"column":19},"end":{"line":74,"column":27}},{"start":{"line":74,"column":31},"end":{"line":74,"column":39}},{"start":{"line":74,"column":43},"end":{"line":74,"column":51}}]}},"s":{"0":0,"1":0,"2":0,"3":0,"4":0,"5":0,"6":0,"7":0,"8":0,"9":0,"10":0,"11":0,"12":0,"13":0,"14":0,"15":0,"16":0,"17":0,"18":0,"19":0,"20":0,"21":0,"22":0,"23":0,"24":0},"f":{"0":0,"1":0},"b":{"0":[0,0],"1":[0,0],"2":[0,0],"3":[0,0],"4":[0,0],"5":[0,0],"6":[0,0],"7":[0,0,0,0]}}
,"/Users/mkemp/repos/tmp-traycer-cp/src/verification/adapters/GitLabAdapter.ts": {"path":"/Users/mkemp/repos/tmp-traycer-cp/src/verification/adapters/GitLabAdapter.ts","statementMap":{"0":{"start":{"line":5,"column":19},"end":{"line":5,"column":41}},"1":{"start":{"line":7,"column":4},"end":{"line":9,"column":5}},"2":{"start":{"line":8,"column":6},"end":{"line":8,"column":57}},"3":{"start":{"line":11,"column":32},"end":{"line":11,"column":38}},"4":{"start":{"line":13,"column":4},"end":{"line":64,"column":5}},"5":{"start":{"line":14,"column":46},"end":{"line":16,"column":8}},"6":{"start":{"line":18,"column":6},"end":{"line":20,"column":7}},"7":{"start":{"line":19,"column":8},"end":{"line":19,"column":44}},"8":{"start":{"line":22,"column":30},"end":{"line":24,"column":null}},"9":{"start":{"line":27,"column":6},"end":{"line":29,"column":7}},"10":{"start":{"line":28,"column":8},"end":{"line":28,"column":101}},"11":{"start":{"line":31,"column":26},"end":{"line":31,"column":54}},"12":{"start":{"line":33,"column":25},"end":{"line":35,"column":null}},"13":{"start":{"line":38,"column":6},"end":{"line":40,"column":7}},"14":{"start":{"line":39,"column":8},"end":{"line":39,"column":91}},"15":{"start":{"line":42,"column":21},"end":{"line":42,"column":null}},"16":{"start":{"line":50,"column":6},"end":{"line":61,"column":8}},"17":{"start":{"line":63,"column":6},"end":{"line":63,"column":110}},"18":{"start":{"line":68,"column":21},"end":{"line":71,"column":6}},"19":{"start":{"line":73,"column":4},"end":{"line":81,"column":5}},"20":{"start":{"line":74,"column":20},"end":{"line":74,"column":38}},"21":{"start":{"line":75,"column":6},"end":{"line":80,"column":7}},"22":{"start":{"line":76,"column":8},"end":{"line":79,"column":10}},"23":{"start":{"line":83,"column":29},"end":{"line":83,"column":86}},"24":{"start":{"line":84,"column":21},"end":{"line":84,"column":48}},"25":{"start":{"line":85,"column":4},"end":{"line":90,"column":5}},"26":{"start":{"line":86,"column":6},"end":{"line":89,"column":8}},"27":{"start":{"line":92,"column":4},"end":{"line":92,"column":16}},"28":{"start":{"line":3,"column":0},"end":{"line":3,"column":13}}},"fnMap":{"0":{"name":"(anonymous_0)","decl":{"start":{"line":4,"column":2},"end":{"line":4,"column":7}},"loc":{"start":{"line":4,"column":46},"end":{"line":65,"column":3}}},"1":{"name":"(anonymous_1)","decl":{"start":{"line":67,"column":10},"end":{"line":67,"column":20}},"loc":{"start":{"line":67,"column":32},"end":{"line":93,"column":3}}}},"branchMap":{"0":{"loc":{"start":{"line":7,"column":4},"end":{"line":9,"column":5}},"type":"if","locations":[{"start":{"line":7,"column":4},"end":{"line":9,"column":5}},{"start":{},"end":{}}]},"1":{"loc":{"start":{"line":18,"column":6},"end":{"line":20,"column":7}},"type":"if","locations":[{"start":{"line":18,"column":6},"end":{"line":20,"column":7}},{"start":{},"end":{}}]},"2":{"loc":{"start":{"line":27,"column":6},"end":{"line":29,"column":7}},"type":"if","locations":[{"start":{"line":27,"column":6},"end":{"line":29,"column":7}},{"start":{},"end":{}}]},"3":{"loc":{"start":{"line":38,"column":6},"end":{"line":40,"column":7}},"type":"if","locations":[{"start":{"line":38,"column":6},"end":{"line":40,"column":7}},{"start":{},"end":{}}]},"4":{"loc":{"start":{"line":58,"column":21},"end":{"line":58,"column":80}},"type":"cond-expr","locations":[{"start":{"line":58,"column":41},"end":{"line":58,"column":68}},{"start":{"line":58,"column":71},"end":{"line":58,"column":80}}]},"5":{"loc":{"start":{"line":63,"column":52},"end":{"line":63,"column":106}},"type":"cond-expr","locations":[{"start":{"line":63,"column":77},"end":{"line":63,"column":90}},{"start":{"line":63,"column":93},"end":{"line":63,"column":106}}]},"6":{"loc":{"start":{"line":75,"column":6},"end":{"line":80,"column":7}},"type":"if","locations":[{"start":{"line":75,"column":6},"end":{"line":80,"column":7}},{"start":{},"end":{}}]},"7":{"loc":{"start":{"line":75,"column":10},"end":{"line":75,"column":39}},"type":"binary-expr","locations":[{"start":{"line":75,"column":10},"end":{"line":75,"column":15}},{"start":{"line":75,"column":19},"end":{"line":75,"column":27}},{"start":{"line":75,"column":31},"end":{"line":75,"column":39}}]},"8":{"loc":{"start":{"line":85,"column":4},"end":{"line":90,"column":5}},"type":"if","locations":[{"start":{"line":85,"column":4},"end":{"line":90,"column":5}},{"start":{},"end":{}}]},"9":{"loc":{"start":{"line":85,"column":8},"end":{"line":85,"column":61}},"type":"binary-expr","locations":[{"start":{"line":85,"column":8},"end":{"line":85,"column":16}},{"start":{"line":85,"column":20},"end":{"line":85,"column":31}},{"start":{"line":85,"column":35},"end":{"line":85,"column":46}},{"start":{"line":85,"column":50},"end":{"line":85,"column":61}}]}},"s":{"0":0,"1":0,"2":0,"3":0,"4":0,"5":0,"6":0,"7":0,"8":0,"9":0,"10":0,"11":0,"12":0,"13":0,"14":0,"15":0,"16":0,"17":0,"18":0,"19":0,"20":0,"21":0,"22":0,"23":0,"24":0,"25":0,"26":0,"27":0,"28":0},"f":{"0":0,"1":0},"b":{"0":[0,0],"1":[0,0],"2":[0,0],"3":[0,0],"4":[0,0],"5":[0,0],"6":[0,0],"7":[0,0,0],"8":[0,0],"9":[0,0,0,0]}}
,"/Users/mkemp/repos/tmp-traycer-cp/src/verification/adapters/index.ts": {"path":"/Users/mkemp/repos/tmp-traycer-cp/src/verification/adapters/index.ts","statementMap":{"0":{"start":{"line":8,"column":0},"end":{"line":8,"column":16}},"1":{"start":{"line":23,"column":0},"end":{"line":23,"column":16}},"2":{"start":{"line":2,"column":0},"end":{"line":2,"column":9}},"3":{"start":{"line":6,"column":9},"end":{"line":2,"column":50}},"4":{"start":{"line":3,"column":0},"end":{"line":3,"column":9}},"5":{"start":{"line":6,"column":25},"end":{"line":3,"column":48}},"6":{"start":{"line":4,"column":0},"end":{"line":4,"column":9}},"7":{"start":{"line":6,"column":40},"end":{"line":4,"column":48}},"8":{"start":{"line":9,"column":2},"end":{"line":20,"column":3}},"9":{"start":{"line":11,"column":6},"end":{"line":11,"column":34}},"10":{"start":{"line":13,"column":6},"end":{"line":13,"column":33}},"11":{"start":{"line":15,"column":6},"end":{"line":15,"column":33}},"12":{"start":{"line":17,"column":6},"end":{"line":17,"column":34}},"13":{"start":{"line":19,"column":6},"end":{"line":19,"column":56}},"14":{"start":{"line":24,"column":2},"end":{"line":26,"column":3}},"15":{"start":{"line":25,"column":4},"end":{"line":25,"column":17}},"16":{"start":{"line":28,"column":2},"end":{"line":30,"column":3}},"17":{"start":{"line":29,"column":4},"end":{"line":29,"column":20}},"18":{"start":{"line":32,"column":2},"end":{"line":34,"column":3}},"19":{"start":{"line":33,"column":4},"end":{"line":33,"column":20}},"20":{"start":{"line":36,"column":2},"end":{"line":48,"column":3}},"21":{"start":{"line":37,"column":4},"end":{"line":47,"column":5}},"22":{"start":{"line":38,"column":19},"end":{"line":38,"column":36}},"23":{"start":{"line":39,"column":6},"end":{"line":41,"column":7}},"24":{"start":{"line":40,"column":8},"end":{"line":40,"column":24}},"25":{"start":{"line":42,"column":6},"end":{"line":44,"column":7}},"26":{"start":{"line":43,"column":8},"end":{"line":43,"column":24}},"27":{"start":{"line":46,"column":6},"end":{"line":46,"column":23}},"28":{"start":{"line":50,"column":2},"end":{"line":50,"column":19}}},"fnMap":{"0":{"name":"(anonymous_0)","decl":{"start":{"line":6,"column":9},"end":{"line":6,"column":23}},"loc":{"start":{"line":6,"column":9},"end":{"line":2,"column":50}}},"1":{"name":"(anonymous_1)","decl":{"start":{"line":6,"column":25},"end":{"line":6,"column":38}},"loc":{"start":{"line":6,"column":25},"end":{"line":3,"column":48}}},"2":{"name":"(anonymous_2)","decl":{"start":{"line":6,"column":40},"end":{"line":6,"column":53}},"loc":{"start":{"line":6,"column":40},"end":{"line":4,"column":48}}},"3":{"name":"createAdapter","decl":{"start":{"line":8,"column":16},"end":{"line":8,"column":29}},"loc":{"start":{"line":8,"column":48},"end":{"line":21,"column":1}}},"4":{"name":"detectFormatFromInput","decl":{"start":{"line":23,"column":16},"end":{"line":23,"column":37}},"loc":{"start":{"line":23,"column":51},"end":{"line":51,"column":1}}}},"branchMap":{"0":{"loc":{"start":{"line":9,"column":2},"end":{"line":20,"column":3}},"type":"switch","locations":[{"start":{"line":10,"column":4},"end":{"line":11,"column":34}},{"start":{"line":12,"column":4},"end":{"line":13,"column":33}},{"start":{"line":14,"column":4},"end":{"line":15,"column":33}},{"start":{"line":16,"column":4},"end":{"line":17,"column":34}},{"start":{"line":18,"column":4},"end":{"line":19,"column":56}}]},"1":{"loc":{"start":{"line":24,"column":2},"end":{"line":26,"column":3}},"type":"if","locations":[{"start":{"line":24,"column":2},"end":{"line":26,"column":3}},{"start":{},"end":{}}]},"2":{"loc":{"start":{"line":28,"column":2},"end":{"line":30,"column":3}},"type":"if","locations":[{"start":{"line":28,"column":2},"end":{"line":30,"column":3}},{"start":{},"end":{}}]},"3":{"loc":{"start":{"line":28,"column":6},"end":{"line":28,"column":62}},"type":"binary-expr","locations":[{"start":{"line":28,"column":6},"end":{"line":28,"column":34}},{"start":{"line":28,"column":38},"end":{"line":28,"column":62}}]},"4":{"loc":{"start":{"line":32,"column":2},"end":{"line":34,"column":3}},"type":"if","locations":[{"start":{"line":32,"column":2},"end":{"line":34,"column":3}},{"start":{},"end":{}}]},"5":{"loc":{"start":{"line":32,"column":6},"end":{"line":32,"column":72}},"type":"binary-expr","locations":[{"start":{"line":32,"column":6},"end":{"line":32,"column":34}},{"start":{"line":32,"column":38},"end":{"line":32,"column":72}}]},"6":{"loc":{"start":{"line":36,"column":2},"end":{"line":48,"column":3}},"type":"if","locations":[{"start":{"line":36,"column":2},"end":{"line":48,"column":3}},{"start":{},"end":{}}]},"7":{"loc":{"start":{"line":36,"column":6},"end":{"line":36,"column":66}},"type":"binary-expr","locations":[{"start":{"line":36,"column":6},"end":{"line":36,"column":34}},{"start":{"line":36,"column":38},"end":{"line":36,"column":66}}]},"8":{"loc":{"start":{"line":39,"column":6},"end":{"line":41,"column":7}},"type":"if","locations":[{"start":{"line":39,"column":6},"end":{"line":41,"column":7}},{"start":{},"end":{}}]},"9":{"loc":{"start":{"line":39,"column":10},"end":{"line":39,"column":50}},"type":"binary-expr","locations":[{"start":{"line":39,"column":10},"end":{"line":39,"column":29}},{"start":{"line":39,"column":33},"end":{"line":39,"column":50}}]},"10":{"loc":{"start":{"line":42,"column":6},"end":{"line":44,"column":7}},"type":"if","locations":[{"start":{"line":42,"column":6},"end":{"line":44,"column":7}},{"start":{},"end":{}}]},"11":{"loc":{"start":{"line":42,"column":10},"end":{"line":42,"column":53}},"type":"binary-expr","locations":[{"start":{"line":42,"column":10},"end":{"line":42,"column":22}},{"start":{"line":42,"column":26},"end":{"line":42,"column":53}}]}},"s":{"0":0,"1":0,"2":0,"3":0,"4":0,"5":0,"6":0,"7":0,"8":0,"9":0,"10":0,"11":0,"12":0,"13":0,"14":0,"15":0,"16":0,"17":0,"18":0,"19":0,"20":0,"21":0,"22":0,"23":0,"24":0,"25":0,"26":0,"27":0,"28":0},"f":{"0":0,"1":0,"2":0,"3":0,"4":0},"b":{"0":[0,0,0,0,0],"1":[0,0],"2":[0,0],"3":[0,0],"4":[0,0],"5":[0,0],"6":[0,0],"7":[0,0],"8":[0,0],"9":[0,0],"10":[0,0],"11":[0,0]}}
}
